[24/11/2013 09:17:15] Arqueira: ADM HEEEEEEEEEEEELP
[24/11/2013 09:49:32] Magazinha: LOL minha grana sumiooo ! ¬¬
[24/11/2013 17:06:45] Rafa pala: tem algum gm ae
[24/11/2013 17:06:49] Rafa pala: precisando de ajuda
[26/11/2013 01:46:07] Xurupita: god on ?
[26/11/2013 01:49:54] Sabotage Revoltz: ajuda ae
[26/11/2013 01:49:56] Sabotage Revoltz: to bugado
[26/11/2013 01:51:44] Sabotage Revoltz: To bugado
[26/11/2013 01:55:15] Cryneus: VAI TOMA NO CU PORR
[26/11/2013 01:55:59] Cryneus: daew
[26/11/2013 01:56:01] Cryneus: tomurka
[26/11/2013 12:12:25] Mage Mau: onde fica o evento
[27/11/2013 02:41:15] Sorcer Off Matador: god on?
[27/11/2013 03:16:17] Martin: GOD
[27/11/2013 03:16:20] Martin: COMO EU PESCO?
[27/11/2013 03:16:23] Martin: ONDE PEGO A VARA?
[27/11/2013 03:27:46] Martin: god
[27/11/2013 03:35:58] Sorcer Off Matador: god om
[27/11/2013 03:47:01] Sorcer Off Matador: admon urgente
[27/11/2013 06:54:58] Kinazi: alguem da staff?
[24/01/2014 12:02:58] Nyonzera: que houve hod?
[24/01/2014 12:03:02] Nyonzera: god*
[24/01/2014 12:03:04] Nyonzera: ?
[24/01/2014 12:12:08] Nyonzera: lol god, abre esse castle ai
[25/01/2014 21:27:35] Poderoso Jaqueta: plx lvl
[26/01/2014 20:03:01] Deprex: gustavo
[28/01/2014 18:43:48] GOD War: !addon
