[19/08/2010 20:11:05] Aries: help
[29/05/2013 14:55:42] Ademin: como ganha rod
[14/10/2013 22:52:03] Carlinhos: adm ta ae?
[17/10/2013 01:02:39] Carlinhos: adm on ?
[17/10/2013 01:10:18] Carlinhos: adm on ?
[08/12/2013 15:47:16] Sorcer Off Matador: axei um bug
[08/12/2013 15:56:00] Sorczik: ADM
[08/12/2013 16:52:20] Shooter: eu
[08/12/2013 16:52:37] Maker: EUu
[08/12/2013 16:52:38] Maker: EUu
[08/12/2013 16:53:25] Deprex: eueueu
[08/12/2013 16:53:25] Tatto Pally: eu
[08/12/2013 16:53:26] Tatto Pally: eu
[08/12/2013 16:53:27] Magic falcon: eu
[08/12/2013 16:53:32] Tatto Pally: eu
[08/12/2013 16:53:39] Tatto Pally: eu
[08/12/2013 16:53:44] Tatto Pally: eu
[08/12/2013 16:53:46] Magic falcon: eu
[08/12/2013 16:53:47] Magic falcon: eu
[08/12/2013 16:53:53] Magic falcon: eu fast
[08/12/2013 16:54:07] Magic falcon: eu
[08/12/2013 16:54:39] Magic falcon: eu
[08/12/2013 16:54:40] Magic falcon: vey
[08/12/2013 17:18:52] Morre diabo: no
[08/12/2013 17:18:57] Mary Janne: prefiro xp scroll
[08/12/2013 17:18:58] Mary Janne: prefiro xp scroll
[08/12/2013 17:19:10] Slayer Winchester: sem scroll
[08/12/2013 17:19:13] Mary Janne: prefiro xp scroll
[08/12/2013 17:19:20] Bloka: EXP SCROLL !!!!!
[08/12/2013 17:19:27] Mary Janne: prefiro xp scroll
[08/12/2013 17:19:29] [DONO] Onefinity: 2scroll x 2 speed
[08/12/2013 17:19:38] [DONO] Onefinity: mais alguem pra votação ?
[08/12/2013 17:19:38] Kina: scroll
[08/12/2013 17:19:45] Slayer Winchester: scroll é ruim sem scroll
[08/12/2013 17:19:46] Mary Janne: ganhamo
[08/12/2013 17:19:54] Kina: tem que ter scroll
[08/12/2013 17:19:57] Bloka: MANO, O XP SCROLL  COLOCA NO LUGAR DO RING DE SPEED XD PQ NGM VAI COMPRA ELE
[08/12/2013 17:20:04] Mary Janne: vdd
[08/12/2013 17:20:08] Kina: aham
[08/12/2013 17:20:11] Bloka: E JÁ ERA.
[08/12/2013 17:20:12] Mary Janne: qem compra ring de speed?
[08/12/2013 17:20:17] Mary Janne: lol
[08/12/2013 17:20:17] Morre diabo: eu
[08/12/2013 17:20:18] Kina: ngm
[08/12/2013 17:20:19] Magic falcon: eu
[08/12/2013 17:20:20] Kina: kkk
[08/12/2013 17:20:22] Bloka: KKKKKKKK
[08/12/2013 17:20:42] Morre diabo: e que graça tem ot que tu compra exp ? tem que ser todo mundo caçando na city mesmo e sem mimimi isso aqui é baiak por acaso ?
[08/12/2013 17:20:42] Mary Janne: QUEM QUER SCROLL FALA EU
[08/12/2013 17:20:43] Mary Janne: QUEM QUER SCROLL FALA EU
[08/12/2013 17:20:45] Magic falcon: adm manda pm
[08/12/2013 17:20:47] Magic falcon: eu
[08/12/2013 17:20:50] Mary Janne: QUEM QUER SCROLL FALA EU
[08/12/2013 17:20:51] [DONO] Onefinity: ATENÇÃO
[08/12/2013 17:20:53] [DONO] Onefinity: ATENÇÃO
[08/12/2013 17:20:54] [DONO] Onefinity: ATENÇÃO
[08/12/2013 17:20:57] [DONO] Onefinity: fale em baixo dessa msd <> speed ou scroll pra fazer votação!
[08/12/2013 17:21:03] Mary Janne: scrool
[08/12/2013 17:21:03] [DONO] Onefinity: fale em baixo dessa msd <> speed ou scroll pra fazer votação!
[08/12/2013 17:21:05] Magic falcon: scroll
[08/12/2013 17:21:06] Mary Janne: scrool
[08/12/2013 17:21:11] [DONO] Onefinity: 2 SCROLL
[08/12/2013 17:21:17] [DONO] Onefinity: MAIS ALGUEM?
[08/12/2013 17:21:18] Death: sem scroll
[08/12/2013 17:21:22] [DONO] Onefinity: 2X1
[08/12/2013 17:21:25] Slayer Winchester: no scroll
[08/12/2013 17:21:28] [DONO] Onefinity: 2X2
[08/12/2013 17:21:35] Morre diabo: exp vai ficar lixo deixa ring pros kina
[08/12/2013 17:21:45] Magic falcon: scroll
[08/12/2013 17:21:53] [DONO] Onefinity: 2X3
[08/12/2013 17:21:57] Bloka: olha minha ideia, COLOCA O XP SCROLL NO LUGAR DO PET POR ENQUANTO, MAIS TARDE QND NÓS TIVER MAIS FORTE, VOCÊ VAI LÁ E TIRA O SCROLL E COLOCA O  PET NOVAMENTE, PQ OS MLK PEGA PET AGR E MATA ALL.
[08/12/2013 17:21:58] [DONO] Onefinity: MAIS ALGUEM PRA VOTAÇÃO ?
[08/12/2013 17:22:17] Magic falcon: verdade tira o pet la
[08/12/2013 17:22:17] [DONO] Onefinity: vo por pra phoenix agr so usa lvl 150
[08/12/2013 17:22:18] Mary Janne: n viaja bloka
[08/12/2013 17:22:20] Morre diabo: e os player que começa depois vão se fuder ? para de pensar só em voce
[08/12/2013 17:22:28] Bloka: ok mano.
[08/12/2013 17:22:28] Mary Janne: more
[08/12/2013 17:22:31] Mary Janne: n curtiu?
[08/12/2013 17:22:35] Magic falcon: xp scroll e ja era
[08/12/2013 17:22:36] Mary Janne: vaza
[08/12/2013 17:22:37] Bloka: okk ^^ 
[08/12/2013 17:22:47] Magic falcon: lucas
[08/12/2013 17:22:49] Magic falcon: manda pm ake
[08/12/2013 17:22:58] Morre diabo: vai ficar igual o theonlyone vai da a mesma merda, não eu não curti eu posso dar minha opnião o ot não é seu
[08/12/2013 17:23:16] Mary Janne: se vc n curti vaza ue
[08/12/2013 17:23:23] Kina: kkkk
[08/12/2013 17:23:29] Morre diabo: ele deu escolha eu to dando meu ponto de vista
[08/12/2013 17:23:44] Morre diabo: agr se ta achando ruim sem exp scroll vaza vc querido
[08/12/2013 17:23:50] Mary Janne: ninguem curtiu seu ponto de vista
[08/12/2013 17:24:00] Morre diabo: 3x3 eu acho
[08/12/2013 17:24:02] Mary Janne: e cseu nick é escrotp
[08/12/2013 17:24:06] Mary Janne: e cseu nick é escroto*
[08/12/2013 17:24:07] Magic falcon: 5x3
[08/12/2013 17:24:13] Morre diabo: mary janne ? kkkkkkkkkkkkkkkkkkkkk
[08/12/2013 17:24:16] Bloka: pronto, já decidiram o exp scroll no lugar do ring de speed. 
[08/12/2013 17:24:17] Magic falcon: scrol win
[08/12/2013 17:24:28] Morre diabo: meu nick é homenagem ao char do meu namo no global
[08/12/2013 17:24:38] [DONO] Onefinity: vo arruma phoenix pet so um minuto
[08/12/2013 17:24:45] Morre diabo: e o seu homenagem a alguem que voce não vai ficar ?
[08/12/2013 17:24:50] Mary Janne: depois poem scroll
[08/12/2013 17:25:05] Magic falcon: mano homengem a minha muie escroll
[08/12/2013 17:25:08] Magic falcon: xd
[08/12/2013 17:25:17] Mary Janne: kkk
[08/12/2013 17:25:35] Magic falcon: nossa pesca ta osso
[08/12/2013 17:26:10] Bloka: não coloca xp scroll.
[08/12/2013 17:26:13] Magic falcon: poem pra da ums 3 lvl
[08/12/2013 17:26:15] Magic falcon: pelo menos
[08/12/2013 17:26:37] Morre diabo: sem scroll !!
[08/12/2013 17:26:59] Bloka: ah foda-se, você é o doono do ot 
[08/12/2013 17:26:59] Death: sério vcs pensam só em vocês, e os players que vão começar jogar depois ?
[08/12/2013 17:27:00] Magic falcon: scroll
[08/12/2013 17:27:00] Bloka: poe se quiser
[08/12/2013 17:27:11] Bloka: cala  boca death
[08/12/2013 17:27:11] Bloka: af
[08/12/2013 17:27:15] Magic falcon: os cara
[08/12/2013 17:27:17] Magic falcon: cria mc
[08/12/2013 17:27:17] Kina: uehasue
[08/12/2013 17:27:18] Magic falcon: pra fica
[08/12/2013 17:27:19] Kina: tem que por
[08/12/2013 17:27:19] Magic falcon: falando
[08/12/2013 17:27:23] Magic falcon: o outro disse
[08/12/2013 17:27:25] Magic falcon: q kina
[08/12/2013 17:27:25] Kina: scroll
[08/12/2013 17:27:25] Magic falcon: precisa
[08/12/2013 17:27:27] Magic falcon: de ring
[08/12/2013 17:27:30] Magic falcon: cola nos oiutr
[08/12/2013 17:27:31] Magic falcon: e de mana
[08/12/2013 17:27:33] Magic falcon: pra mata
[08/12/2013 17:27:36] Magic falcon: precisa nao
[08/12/2013 17:27:38] Morre diabo: eu to no pc e meu namo no note
[08/12/2013 17:27:41] Bloka: se coloca exp scroll os cara não vai mais  sair pz 
[08/12/2013 17:27:45] Bloka: só vai  fica upando no bendito scroll
[08/12/2013 17:27:53] [DONO] Onefinity: 17:27 É necessário nível 150+ para usar esse pet elemental
[08/12/2013 17:27:54] Magic falcon: eu nao
[08/12/2013 17:28:00] Magic falcon: eu vo fica
[08/12/2013 17:28:01] Magic falcon: so merc
[08/12/2013 17:28:03] Magic falcon: e scroll
[08/12/2013 17:28:03] [DONO] Onefinity: só niveis 150 usam phoenix pet
[08/12/2013 17:28:09] [DONO] Onefinity: arrumado!
[08/12/2013 17:28:12] Bloka: tá certo!
[08/12/2013 17:28:17] Magic falcon: god
[08/12/2013 17:28:18] Magic falcon: arrumo gem
[08/12/2013 17:28:28] Kina: gema invertida :/
[08/12/2013 17:28:29] [DONO] Onefinity: gem?
[08/12/2013 17:28:29] Kina: k
[08/12/2013 17:28:31] Magic falcon: s
[08/12/2013 17:28:34] Magic falcon: quando anhi
[08/12/2013 17:28:36] Magic falcon: tava bugada
[08/12/2013 17:28:40] Magic falcon: eu peguei a de mage
[08/12/2013 17:28:42] Magic falcon: e nao deu pra usa
[08/12/2013 17:28:43] [DONO] Onefinity: aa arrumei ja
[08/12/2013 17:28:44] Bloka: adm, arruma a annihi que logo mais vamos precisar dela.
[08/12/2013 17:28:45] Kina: a gema de mage
[08/12/2013 17:28:47] Magic falcon: falo q so era kina
[08/12/2013 17:28:47] Kina: era pra kina
[08/12/2013 17:28:52] Morre diabo: me fala quem saia da pz quando theonlyone tinha scroll '-' povo falso mds
[08/12/2013 17:28:55] Kina: e a de kina era de mage
[08/12/2013 17:29:08] Kina: só a de pala tava certa
[08/12/2013 17:29:27] Kina'zin: adm se quiser as scripts da gem eu do tenho eles criei antes de ontem tá zika rsrs
[08/12/2013 17:30:28] [DONO] Onefinity: gemas ta certa "!
[08/12/2013 17:30:34] Kina'zin: OK !
[08/12/2013 17:32:42] Death: exana flam
[08/12/2013 17:33:08] [DONO] Onefinity: vo cria exana flam
[08/12/2013 17:33:10] [DONO] Onefinity: agora
[08/12/2013 17:33:36] Magic falcon: god
[08/12/2013 17:33:37] Magic falcon: vai ser
[08/12/2013 17:33:40] Magic falcon: 24h
[08/12/2013 17:33:46] Bloka: por enquanto não.
[08/12/2013 17:33:55] Magic falcon: ish
[08/12/2013 17:33:57] Magic falcon: desculpa
[08/12/2013 17:33:57] [DONO] Onefinity: eita'
[08/12/2013 17:33:57] Magic falcon: god
[08/12/2013 17:33:58] Magic falcon: kk
[08/12/2013 17:34:27] [DONO] Onefinity: haha nao vai ser por enquando pq ot nao está pronto ta em fase de test!
[08/12/2013 17:34:27] Bloka: koe fi
[08/12/2013 17:34:31] Bloka: HSUAHSUAHS 
[08/12/2013 17:34:38] Bloka: sou o sub-admin
[08/12/2013 17:34:38] Bloka: haha
[08/12/2013 17:34:43] Magic falcon: q horas zombie
[08/12/2013 17:34:46] Bloka: . !uptime
[08/12/2013 17:34:49] Bloka: á cada 1 hora.
[08/12/2013 17:34:53] Magic falcon: issh
[08/12/2013 17:34:54] Magic falcon: esse
[08/12/2013 17:34:56] Magic falcon: senior
[08/12/2013 17:34:58] Magic falcon: tuitor
[08/12/2013 17:35:00] Magic falcon: ta bom em
[08/12/2013 17:35:07] Bloka: HU3HU3HU3HU3
[08/12/2013 17:35:12] Tatto Pally: god
[08/12/2013 17:35:43] Bloka: desembucha 
[08/12/2013 17:36:16] Tatto Pally: o npc da venta de pedras refina?
[08/12/2013 17:36:39] Bloka: seja mais claro
[08/12/2013 17:37:18] Tatto Pally: o npc
[08/12/2013 17:37:30] Tatto Pally: eu nao falo muito bn o portugues :S
[08/12/2013 17:37:37] Tatto Pally: o npc da venta pedras
[08/12/2013 17:37:54] Bloka: u speak english ?
[08/12/2013 17:37:58] Bloka: spanish ?
[08/12/2013 17:38:02] Tatto Pally: spanish
[08/12/2013 17:38:05] Magic falcon: france
[08/12/2013 17:38:06] Bloka: que paso ?
[08/12/2013 17:38:06] Bloka: bro
[08/12/2013 17:38:09] Magic falcon: japaones
[08/12/2013 17:38:13] Magic falcon: chilenes
[08/12/2013 17:38:13] Bloka: callate
[08/12/2013 17:38:14] Tatto Pally: a el npc de vender las piedras
[08/12/2013 17:38:17] Tatto Pally: a el npc de vender las piedras
[08/12/2013 17:38:18] Magic falcon: jamaicanes
[08/12/2013 17:38:27] Tatto Pally: de refinacion
[08/12/2013 17:38:32] Bloka: que tem ?
[08/12/2013 17:38:36] Tatto Pally: nao ta
[08/12/2013 17:38:49] Magic falcon: nao existe ainda
[08/12/2013 17:38:50] Bloka: lawl
[08/12/2013 17:38:50] Magic falcon: nesse
[08/12/2013 17:38:51] Magic falcon: ot
[08/12/2013 17:39:00] Tatto Pally: sim
[08/12/2013 17:39:03] Tatto Pally: ele tinha
[08/12/2013 17:39:04] Bloka: lo servidor no estas fully lo admin estas arrumando la pouco a pouco
[08/12/2013 17:39:06] Magic falcon: vo tomar lugar
[08/12/2013 17:39:07] Magic falcon: do bloka
[08/12/2013 17:39:53] Bloka: quero uma area de pescaria particular !!!
[08/12/2013 17:39:55] Bloka: haha
[08/12/2013 17:39:58] Bloka: de 1 sqm 
[08/12/2013 17:40:02] Bloka: pro meu elfbot pescar SUHAHUHS
[08/12/2013 17:40:10] Magic falcon: como
[08/12/2013 17:40:11] Magic falcon: q epsca
[08/12/2013 17:40:13] Tatto Pally: o q hotkey usa vc?
[08/12/2013 17:40:14] Magic falcon: no elf
[08/12/2013 17:40:27] [DONO] Onefinity: e a pesca galarinha gostarao?
[08/12/2013 17:40:35] Bloka: tatto - yo no uso lo elfbot para pescar , solo tibia luz.
[08/12/2013 17:40:41] Tatto Pally: yo ymb
[08/12/2013 17:40:46] Tatto Pally: pero como dijiste elf
[08/12/2013 17:40:48] Magic falcon: galarinha
[08/12/2013 17:40:50] Magic falcon: nao gosto nao
[08/12/2013 17:40:51] Tatto Pally: oi dono
[08/12/2013 17:40:57] Bloka: pero yo no consigo achar lo dowload de lo tibia luz ;c
[08/12/2013 17:41:05] Tatto Pally: bloka pode dizer o q eu diz vc
[08/12/2013 17:41:07] Magic falcon: eu uso tibia luz
[08/12/2013 17:41:07] Magic falcon: kk
[08/12/2013 17:41:22] Bloka: magic,  ninguem te pergunto. 
[08/12/2013 17:41:28] Bloka: uSHAUSHSU brinkz meu s2
[08/12/2013 17:41:35] Magic falcon: nao so movido pergunta
[08/12/2013 17:42:48] Tatto Pally: onefinity
[08/12/2013 17:52:03] Magic falcon: para god
[08/12/2013 17:52:04] Magic falcon: aff
[08/12/2013 17:54:32] Magic falcon: aff
[08/12/2013 17:54:34] Magic falcon: god
[08/12/2013 17:54:36] Magic falcon: meu char
[08/12/2013 17:54:37] Magic falcon: ta bugado
[08/12/2013 17:54:49] Magic falcon: fica mostrnado
[08/12/2013 17:54:50] Magic falcon: toda
[08/12/2013 17:54:50] Death: logico quer mata todo mundo
[08/12/2013 17:54:51] Magic falcon: quanto de mana
[08/12/2013 17:54:52] Magic falcon: eu tenho
[08/12/2013 17:54:52] Death: bem feito
[08/12/2013 17:56:15] Mary Janne: da
[08/12/2013 17:56:16] Mary Janne: tbm
[08/12/2013 18:01:39] Magic falcon: aff
[08/12/2013 18:01:42] Magic falcon: o god
[08/12/2013 18:01:45] Magic falcon: ta ae
[08/12/2013 18:06:12] Kina: alguém doa 100k ai ?
[08/12/2013 18:06:13] Kina: s2
[08/12/2013 18:06:15] Kina: heuaheuah
[08/12/2013 18:07:27] Kina'zin: aruma a porra da magia exori con san que nao tem exausted nunca para essa merda adm
[08/12/2013 18:07:41] Tatto Pally: jajaja
[08/12/2013 18:07:44] Kina: sai fora deixa assim
[08/12/2013 18:07:46] Tatto Pally: o exori con san
[08/12/2013 18:07:46] Kina: '-'
[08/12/2013 18:07:51] Tatto Pally: ta bn 
[08/12/2013 18:11:58] Kina'zin: zumbi sao invizivel
[08/12/2013 18:12:01] Kina'zin: //
[08/12/2013 18:12:05] Bloka: ADM!!
[08/12/2013 18:12:19] Cookie: ta n
[08/12/2013 18:12:24] Cookie: e que os mongol fica se amtando
[08/12/2013 18:13:54] Magic falcon: aff
[08/12/2013 18:13:55] Magic falcon: castle
[08/12/2013 18:13:56] Magic falcon: abriu
[08/12/2013 18:14:08] Magic falcon: bau
[08/12/2013 18:14:11] Cookie: ;X
[08/12/2013 18:14:11] Magic falcon: de perente
[08/12/2013 18:14:11] Magic falcon: ta vindo
[08/12/2013 18:14:12] Magic falcon: gold
[08/12/2013 18:14:12] Magic falcon: ?
[08/12/2013 18:14:22] Cookie: magic
[08/12/2013 18:14:24] Cookie: pera
[08/12/2013 18:20:57] Magic falcon: god
[08/12/2013 18:21:02] Magic falcon: god
[08/12/2013 18:21:04] Tatto Pally: nao :S
[08/12/2013 18:21:11] Magic falcon: god
[08/12/2013 18:22:01] Kina'zin: god deixa on 
[08/12/2013 18:22:03] Kina'zin: god deixa on 
[08/12/2013 18:22:06] Bloka: deixa onnnn
[08/12/2013 18:22:08] Magic falcon: deixa
[08/12/2013 18:22:09] Magic falcon: on
[08/12/2013 18:22:11] Magic falcon: e anota
[08/12/2013 18:22:12] Kina'zin: god deixa on 
[08/12/2013 18:22:12] Magic falcon: os outro
[08/12/2013 18:22:13] Magic falcon: bug
[08/12/2013 18:22:13] Kina'zin: god deixa on 
[08/12/2013 18:22:15] Magic falcon: agente nem viu
[08/12/2013 18:22:17] Magic falcon: castle
[08/12/2013 18:22:17] Magic falcon: ainda
[08/12/2013 18:22:18] Deprexx: fexa logo ae
[08/12/2013 18:22:21] Bloka: DEIXA  ON!!
[08/12/2013 18:22:22] Bloka: DEIXA  ON!!
[08/12/2013 18:22:22] Bloka: DEIXA  ON!!
[08/12/2013 18:22:26] Kina'zin: god deixa on 
[08/12/2013 18:22:27] Kina'zin: god deixa on 
[08/12/2013 18:22:30] Magic falcon: deixa on
[08/12/2013 18:22:34] Kina'zin: god deixa on 
[08/12/2013 18:22:34] Kina'zin: god deixa on 
[08/12/2013 18:22:35] Deprexx: n
[08/12/2013 18:22:42] Kina'zin: cala boca deprex fdp
[08/12/2013 18:22:44] Kina'zin: god deixa on 
[08/12/2013 18:22:47] Bloka: DEIXA O OT ON PELOMENOS + 1 HORA, QUEM NÃO QUER QUE O OT FIQUE ON  É SÓ SE  RETIRAR DO SERVIDOR !!!
[08/12/2013 18:23:02] Deprexx: fexa logo
[08/12/2013 18:23:06] Bloka: DEIXA O OT ON PELOMENOS + 1 HORA, QUEM NÃO QUER QUE O OT FIQUE ON  É SÓ SE  RETIRAR DO SERVIDOR !!!
[08/12/2013 18:23:11] Kina'zin: god deixa on 
[08/12/2013 18:23:12] Kina'zin: god deixa on 
[08/12/2013 18:23:18] [DONO] Onefinity: preciso arruma uns bugs
[08/12/2013 18:23:25] Kina'zin: que bugs cara
[08/12/2013 18:23:26] Kina'zin: aff
[08/12/2013 18:23:34] Bloka: adm, deixa pelomenos + 1 hora.
[08/12/2013 18:23:39] Bloka: por favor
[08/12/2013 18:23:52] Kina'zin: 19:30 vc fexa
[08/12/2013 18:23:59] Deprexx: n
[08/12/2013 18:24:00] Kina'zin: vai adm 19:30 vc fecha
[08/12/2013 18:24:00] [DONO] Onefinity: 25
[08/12/2013 18:24:01] Kina'zin: vai adm 19:30 vc fecha
[08/12/2013 18:24:05] Kina'zin: vai adm 19:30 vc fecha
[08/12/2013 18:24:32] Bloka: 19:30 você fecha e fim de papo.
[08/12/2013 18:25:31] Magic falcon: god
[08/12/2013 18:25:32] Magic falcon: axei
[08/12/2013 18:25:32] Magic falcon: outro
[08/12/2013 18:25:33] Magic falcon: buf
[08/12/2013 18:25:37] Magic falcon: q ver?
[08/12/2013 18:25:42] Bloka: é óbvio que ele quer.
[08/12/2013 18:25:43] Bloka: né
[08/12/2013 18:25:45] Bloka: dãm
[08/12/2013 18:37:20] Magic falcon: god
[08/12/2013 18:37:21] Magic falcon: bota
[08/12/2013 18:37:22] Magic falcon: utamo
[08/12/2013 18:37:25] Magic falcon: deovlto
[08/12/2013 18:37:25] Magic falcon: vey
[09/12/2013 17:10:19] Super Kina: NAOOOOO
[09/12/2013 17:10:19] Super Kina: NAOOOOO
[09/12/2013 17:10:22] Jaozin: n
[09/12/2013 17:10:22] Devias: NAOOOOO
[09/12/2013 17:10:23] Super Kina: AGENTE TÁH QUEST VEYH
[09/12/2013 17:10:24] Jaozin: tamo quest
[09/12/2013 17:10:25] Devias: NAOOOOO
[09/12/2013 17:10:27] Bloka: não.
[09/12/2013 17:10:28] Super Kina: E FALTA 2 MIN PRO EVENTO
[09/12/2013 17:10:52] [DONO] Onefinity: evento em 1 em 1 hr
[09/12/2013 17:11:46] Bloka: quero annihi 
[09/12/2013 17:11:46] Bloka: s;
[09/12/2013 17:12:05] Bloka: fica pescando, não é pra mim
[09/12/2013 17:14:44] Bloka: adm, tá ae ?
[09/12/2013 17:21:07] Super Kina: yixi =\
[09/12/2013 17:54:15] Mary Janne: FAZ BF AE
[22/12/2013 17:09:17] Shooter: N HA JOGADORES EDITADOS? ENTAO PQ TEM 1 LEK 175?
[30/01/2014 15:09:06] Herbert Wormsquirter: s
[30/01/2014 15:09:09] Poderoso Mk: perde lvl
[30/01/2014 15:09:09] Poderoso Mk: ?
[30/01/2014 15:09:18] Slender: pode perder ou ganhar muito
[30/01/2014 15:09:22] Slender: level
[30/01/2014 15:09:28] Slender: vida ou morte
[30/01/2014 15:09:31] Poderoso Mk: e entre player
[30/01/2014 15:09:33] Poderoso Mk: war ?
[30/01/2014 15:09:38] Slender: é de corrida
[30/01/2014 15:09:43] Poderoso Mk: qero
[30/01/2014 15:09:45] Poderoso Mk: :)
[30/01/2014 15:09:54] Poderoso Mk: mas da pra plyer se mata ?
[30/01/2014 15:10:32] Herbert Wormsquirter: q horas
[30/01/2014 15:10:33] Herbert Wormsquirter: ?
[30/01/2014 15:10:43] Herbert Wormsquirter: e oq ganha no final
[30/01/2014 15:10:44] Herbert Wormsquirter: ?
[30/01/2014 15:11:37] Herbert Wormsquirter: e onde
[30/01/2014 15:11:37] Herbert Wormsquirter: e
[30/01/2014 15:11:38] Herbert Wormsquirter: ?
[30/01/2014 15:14:00] Herbert Wormsquirter: ondde
[30/01/2014 15:14:01] Herbert Wormsquirter: e 
[30/01/2014 15:14:04] Poderoso Mk: sobe
[30/01/2014 15:14:05] Poderoso Mk: dp
[30/01/2014 15:17:24] Herbert Wormsquirter: kd
[30/01/2014 15:17:25] Herbert Wormsquirter: o tele
[30/01/2014 15:17:25] Herbert Wormsquirter: ?
[30/01/2014 15:17:37] Herbert Wormsquirter: kd o tlee
[30/01/2014 15:17:38] Herbert Wormsquirter: ?
[30/01/2014 15:17:42] Herbert Wormsquirter: vo tenta denovo
[30/01/2014 15:20:23] Herbert Wormsquirter: mano
[30/01/2014 15:20:24] Herbert Wormsquirter: kd tele
[30/01/2014 20:46:14] Poderoso killer: adm oq eu faço com as barra de ouro?
[01/02/2014 18:42:19] Poderoso killer: algum adm
[01/02/2014 18:42:20] Poderoso killer: ae?
[01/02/2014 20:13:46] Guthix: eita
[01/02/2014 20:42:53] Van Helsing: Alguem sabe hotkey de juntar cristal?
[02/02/2014 15:48:39] Andreutall: da pra compra house
[02/02/2014 15:48:40] Andreutall: ?
[02/02/2014 18:48:42] Poderoso Mkzin: willian
[02/02/2014 18:48:51] Poderoso killer: www.facebook.com\hfiufphoqip'0921386
[02/02/2014 18:48:51] [DONO] Onefinity: ?
[03/02/2014 18:56:39] Tao Se Matando Nb: qual items?
[03/02/2014 18:58:35] Peganaminhavarafdp's: abre algum evento ai tio
[03/02/2014 19:07:17] [DONO] Onefinity: evento zombie 1 em 1 hr
[08/02/2014 19:25:47] Make Rush: ADM
[08/02/2014 19:25:52] Make Rush: qnt em qnt tempo event
[08/02/2014 19:25:53] Make Rush: ?
[09/02/2014 15:29:16] Super Kina: will?
[09/02/2014 15:29:26] Locke Lost: GOOOOOOOD TO PREZO NO EVENTP
[09/02/2014 15:29:27] Locke Lost: GOOOOOOOD TO PREZO NO EVENTO
[09/02/2014 15:29:28] Locke Lost: GOOOOOOOD TO PREZO NO EVENTO
[09/02/2014 15:29:30] Locke Lost: GOOOOOOOD TO PREZO NO EVENTO
[09/02/2014 15:29:41] Locke Lost: GOOOOOOOD TO PREZO NO EVENTO
[09/02/2014 15:30:02] Locke Lost: GOOOOOOOD TO PREZO NO EVENTO
[09/02/2014 15:31:07] Locke Lost: O ADM NAO RESPONDE
[09/02/2014 15:31:12] Locke Lost: GOOOOOOOD TO PREZO NO EVENTO
[09/02/2014 15:31:12] Locke Lost: GOOOOOOOD TO PREZO NO EVENTO
[09/02/2014 19:40:39] Sexy Boy: Sim :|
[09/02/2014 19:40:44] Sexy Boy: Nao sei se é a net
[09/02/2014 19:40:49] Sexy Boy: Mas tem + gnt reclamando
[09/02/2014 19:41:04] Doidin: AONDE COMPRA VARA FALA PLEASE
[09/02/2014 19:41:14] Utamo Vita: sss
[09/02/2014 19:41:14] Utamo Vita: s
[09/02/2014 19:41:14] Utamo Vita: s
[09/02/2014 19:41:14] Utamo Vita: s
[09/02/2014 19:41:14] Utamo Vita: s
[09/02/2014 19:41:15] [ADM] Notforget: quem ae ta com leg no server fale eu.
[09/02/2014 19:41:19] Utamo Vita: s
[09/02/2014 19:41:19] Utamo Vita: s
[09/02/2014 19:41:19] Utamo Vita: s
[09/02/2014 19:41:33] Doidin: AONDE COMPRA VARA FALA PLEASE
[09/02/2014 19:41:38] Sexy Boy: é quest.
[09/02/2014 19:41:51] Utamo Vita: eu
[09/02/2014 19:41:51] Utamo Vita: eu
[09/02/2014 19:41:56] Doidin: eu to otimo
[09/02/2014 19:42:05] Doidin: primeiro ot sem lag que jogo
[09/02/2014 19:42:07] Sexy Boy: to liso tbm e com MC
[09/02/2014 19:42:16] Spring Soft: LAAAAAAG
[09/02/2014 19:42:23] Doidin: como entra na quest?? da vara???
[09/02/2014 19:42:27] Sexy Boy: lvl 130
[09/02/2014 19:42:27] Utamo Vita: pq ta lag adm
[09/02/2014 19:42:29] Sexy Boy: no templo
[09/02/2014 19:42:32] Utamo Vita: pq ta lag adm
[09/02/2014 19:42:34] Ysmigo: lag de mais cara tu ta no youtube manow?
[09/02/2014 19:42:41] [ADM] Notforget: não sei aqui net ta normal.
[09/02/2014 19:42:46] Doidin: eu sei que e no templo mais n entra eu to clicando na porta e n vai
[09/02/2014 19:42:49] Sexy Boy: Aqui ta normal velho.
[09/02/2014 19:42:56] Sexy Boy: Mas é pra lvl 130+
[09/02/2014 19:43:24] Ysmigo: ou no redd?
[09/02/2014 19:43:34] [ADM] Notforget: não sei se é minha net ou de vcs que tao leg.
[09/02/2014 19:43:49] Sexy Boy: é a deles, pq aki ta liso.
[09/02/2014 19:45:51] Sexy Boy: Impressao minha ou bugo?
[09/02/2014 19:46:02] [ADM] Notforget: oq?
[09/02/2014 19:46:05] Sexy Boy: raid
[09/02/2014 19:46:08] Sexy Boy: era pra ser agora
[09/02/2014 19:46:24] [ADM] Notforget: poisé
[09/02/2014 19:46:35] Sexy Boy: :@
[10/02/2014 15:24:34] Xhii: ADM ON ??
[10/02/2014 15:24:36] Xhii: ADM ON ??
[11/02/2014 16:36:51] Doidin: ajuda ae alguem
[11/02/2014 19:24:37] Pala Kin: so eu que to com lag?
[11/02/2014 19:34:15] Pala Kin: adm
[11/02/2014 19:34:25] Pala Kin: tenho uma reclamaçao e um pedido
[11/02/2014 19:34:31] Pala Kin: picareta
[11/02/2014 19:34:37] Pala Kin: n ta funcionando
[03/05/2014 11:37:35] Charles Aranguiz: adm meu primo que era o daniel alves ontem fez a quest e começo agora, gareth bale tem como ajudar?
[03/05/2014 11:42:08] Charles Aranguiz: de quanto em quanto tempo é o battlefield?
[03/05/2014 11:54:33] Charles Aranguiz: adm ajuda meu primo completa, ele tinha completado ontem
[03/05/2014 11:54:34] Charles Aranguiz: daniel alves
[03/05/2014 12:14:30] Kausha: ja pode troca trofeu
[03/05/2014 12:14:30] Kausha: ?
[03/05/2014 13:03:26] The Master: ADM TA AI
[03/05/2014 13:03:26] The Master: ?
[04/05/2014 18:22:02] Ganja Man: adm
