[08/10/2022 18:18:57] /m mercenario
[08/10/2022 18:20:09] /m mercenario
[08/10/2022 18:20:10] /m mercenario
[08/10/2022 18:26:32] /m mercenarios
[08/10/2022 18:26:34] /m mercenarios
[08/10/2022 18:26:49] /m mercenario
[08/10/2022 18:40:42] /m mercenario
[08/10/2022 18:40:45] /m mercenario
[08/10/2022 18:48:44] /m mercenario
[08/10/2022 18:48:45] /m mercenario
[08/10/2022 18:57:36] /m mercenario
[08/10/2022 18:57:38] /m mercenario
[08/10/2022 19:05:19] /m mercenario
[08/10/2022 19:05:21] /m mercenario
[08/10/2022 19:15:44] /m mercenario
[08/10/2022 19:15:45] /m mercenario
[08/10/2022 19:17:59] /m mercenario
[11/10/2022 14:33:27] /m mercenario
[11/10/2022 14:33:31] /m mercenario
[11/10/2022 15:29:58] /m mercenario
[11/10/2022 15:30:00] /m mercenario
[11/10/2022 21:21:28] /reload talkactions
[11/10/2022 21:22:12] /reload talkactions
[11/10/2022 21:25:49] /reload talkactions
[11/10/2022 21:26:31] /reload talkactions
[11/10/2022 21:26:59] /reload talkactions
[11/10/2022 21:33:23] /reload talkactions
[11/10/2022 21:33:29] /reload creaturescripts
[11/10/2022 21:35:32] /reload creature scripts
[11/10/2022 21:35:38] /reload creaturescripts
[11/10/2022 21:38:20] /reload creaturescripts
[11/10/2022 21:41:17] /reload creaturescripts
[11/10/2022 21:43:23] /reload all
[11/10/2022 21:49:35] /goto bank
[11/10/2022 21:53:27] /m annihilon
[11/10/2022 21:53:27] /m annihilon
[11/10/2022 21:53:27] /m annihilon
[11/10/2022 21:53:27] /m annihilon
[11/10/2022 21:53:27] /m annihilon
[11/10/2022 21:54:10] /m amazon
[11/10/2022 21:55:00] /m amazon
[11/10/2022 21:55:33] /i annihilon coin
[11/10/2022 21:55:41] /m amazon
[12/10/2022 13:55:56] /t
[12/10/2022 13:56:15] /i 2125
[12/10/2022 14:02:49] /reload talkactions
[12/10/2022 14:02:59] /i 6132
[12/10/2022 14:04:07] /t
[12/10/2022 14:11:02] !pos
[12/10/2022 14:12:33] /wp
[12/10/2022 14:19:56] /reload globalevents
[12/10/2022 14:25:20] /reload creaturescripts
[12/10/2022 14:53:50] /reload spells
[12/10/2022 15:01:06] /t
[12/10/2022 15:09:39] /m ferumbras
[12/10/2022 15:19:18] /reload creaturescripts
[12/10/2022 15:20:10] /m ferumbras
[12/10/2022 15:23:22] /reload creaturescript
[12/10/2022 15:24:04] /m ferumbras
[04/12/2022 14:05:21] /t
[04/12/2022 14:05:24] /save
[04/12/2022 14:08:01] /save
[04/12/2022 14:47:33] /reload weapons
[04/12/2022 14:50:17] /reload weapons
[04/12/2022 14:58:46] /i 7958
[04/12/2022 14:59:08] /i 2433
[04/12/2022 14:59:22] /i 8910
[04/12/2022 14:59:49] /i 8921
[04/12/2022 15:00:03] /i 2183
[04/12/2022 15:00:17] /i 2181
[04/12/2022 15:00:28] /save
[04/12/2022 15:18:55] /i 2185
[04/12/2022 15:29:01] /i 2187
[04/12/2022 15:30:12] /i 8920
[04/12/2022 15:35:32] /i 7725
[04/12/2022 15:35:39] /i 7735
[04/12/2022 15:35:50] /i 7424
[04/12/2022 15:35:57] /t
[04/12/2022 15:39:39] /i 2154
[04/12/2022 15:39:39] /i 2154
[04/12/2022 15:39:39] /i 2154
[04/12/2022 15:39:39] /i 2154
[04/12/2022 15:39:40] /i 2154
[04/12/2022 15:39:40] /i 2154
[04/12/2022 15:39:40] /i 2154
[04/12/2022 15:39:40] /i 2154
[04/12/2022 15:39:40] /i 2154
[04/12/2022 15:41:14] /i 2167
[04/12/2022 15:41:15] /i 2167
[05/12/2022 20:24:18] /i 8305
[05/12/2022 20:24:35] /i 8305
[05/12/2022 20:35:02] /i 8881
[05/12/2022 20:35:17] /i 8305
[05/12/2022 20:35:44] /i 2128
[05/12/2022 20:39:47] /i 8301
[05/12/2022 20:39:56] /i 8305
[05/12/2022 20:40:03] /i 8303
[05/12/2022 20:40:08] /i 8302
[05/12/2022 20:40:38] /i morning star
[05/12/2022 20:41:44] /i 8305
[05/12/2022 20:41:50] /i 8305
[05/12/2022 20:41:52] /i 8305
[05/12/2022 20:41:53] /i 8305
[05/12/2022 20:41:55] /i 8305
[05/12/2022 20:42:42] /m treinador
[05/12/2022 20:42:46] /m trainer
[05/12/2022 20:50:16] /i 7438
[05/12/2022 20:50:23] /i 2352
[05/12/2022 20:58:40] /i 7438
[05/12/2022 21:00:08] /i 8305
[05/12/2022 21:00:09] /i 8305
[05/12/2022 21:00:13] /i 8305
[05/12/2022 21:00:17] /i 8305
[05/12/2022 21:00:18] /i 8305
[05/12/2022 21:00:20] /i 8305
[05/12/2022 21:00:21] /i 8305
[05/12/2022 21:00:23] /i 8305
[05/12/2022 21:00:25] /i 8305
[05/12/2022 21:00:26] /i 8305
[05/12/2022 21:00:28] /i 8305
[05/12/2022 21:00:30] /i 8305
[05/12/2022 21:00:32] /i 8305
[05/12/2022 21:00:34] /i 8305
[05/12/2022 21:00:35] /i 8305
[05/12/2022 21:04:20] /reload weapons
[05/12/2022 21:10:39] /i 7438
[05/12/2022 21:11:55] /i 8305
[05/12/2022 21:11:57] /i 8305
[05/12/2022 21:11:59] /i 8305
[05/12/2022 21:12:02] /i 8305
[05/12/2022 21:12:04] /i 8305
[05/12/2022 21:12:06] /i 8305
[05/12/2022 21:12:08] /i 8305
[05/12/2022 21:12:09] /i 8305
[05/12/2022 21:12:11] /i 8305
[05/12/2022 21:12:12] /i 8305
[05/12/2022 21:12:14] /i 8305
[05/12/2022 21:12:16] /i 8305
[05/12/2022 21:12:18] /i 8305
[05/12/2022 21:12:19] /i 8305
[05/12/2022 21:12:21] /i 8305
[05/12/2022 21:12:23] /i 8305
[05/12/2022 21:12:24] /i 8305
[05/12/2022 21:12:26] /i 8305
[05/12/2022 21:14:13] /i 7366
[05/12/2022 21:14:56] /m trainer
[05/12/2022 21:18:01] /i 7438
[05/12/2022 21:18:08] /m trainer
[07/12/2022 22:57:51] /m trainer
[07/12/2022 23:02:46] /m trainer
[07/12/2022 23:02:48] /i 8305
[07/12/2022 23:02:51] /i 8305
[07/12/2022 23:02:53] /i 8305
[07/12/2022 23:02:55] /i 8305
[07/12/2022 23:02:57] /i 8305
[07/12/2022 23:02:58] /i 8305
[07/12/2022 23:03:01] /i 8305
[07/12/2022 23:03:03] /i 8305
[07/12/2022 23:03:04] /i 8305
[07/12/2022 23:03:06] /i 8305
[07/12/2022 23:03:07] /i 8305
[07/12/2022 23:03:09] /i 8305
[07/12/2022 23:03:11] /i 8305
[07/12/2022 23:03:14] /i 8305
[07/12/2022 23:03:22] /i 7438
[07/12/2022 23:05:07] /i assassin star
[07/12/2022 23:06:53] /i 8305
[07/12/2022 23:06:55] /i 8305
[07/12/2022 23:06:56] /i 8305
[07/12/2022 23:06:58] /i 8305
[07/12/2022 23:07:00] /i 8305
[07/12/2022 23:17:41] /i 2197
[15/12/2022 22:05:02] /i 7366
[15/12/2022 22:09:54] /i verminor arrow
[15/12/2022 22:20:07] /t
[15/12/2022 22:20:15] /a
[15/12/2022 22:20:26] /a 20
[15/12/2022 22:54:10] /t
[18/12/2022 23:28:29] /i assassin star
[18/12/2022 23:29:46] /save
[18/12/2022 23:48:51] /t
[18/12/2022 23:49:32] /m trainer
[18/12/2022 23:49:55] /i 6541
[18/12/2022 23:56:44] /i 2273
[18/12/2022 23:58:43] /i 2160
[18/12/2022 23:58:45] /i 2160
[18/12/2022 23:58:46] /i 2160
[18/12/2022 23:58:46] /i 2160
[18/12/2022 23:58:47] /i 2160
[18/12/2022 23:58:48] /i 2160
[18/12/2022 23:58:48] /i 2160
[18/12/2022 23:58:49] /i 2160
[18/12/2022 23:58:49] /i 2160
[18/12/2022 23:58:50] /i 2160
[19/12/2022 00:02:27] /i 2160
[19/12/2022 00:02:27] /i 2160
[19/12/2022 00:02:28] /i 2160
[19/12/2022 00:02:29] /i 2160
[19/12/2022 00:02:29] /i 2160
[19/12/2022 00:02:30] /i 2160
[19/12/2022 00:02:30] /i 2160
[19/12/2022 00:02:31] /i 2160
[19/12/2022 00:02:31] /i 2160
[19/12/2022 00:02:32] /i 2160
[19/12/2022 00:02:32] /i 2160
[19/12/2022 00:02:33] /i 2160
[19/12/2022 00:02:33] /i 2160
[19/12/2022 00:02:34] /i 2160
[19/12/2022 00:02:34] /i 2160
[19/12/2022 00:02:36] /i 2273
[19/12/2022 00:02:36] /i 2273
[19/12/2022 00:02:38] /i 2160
[19/12/2022 00:02:38] /i 2160
[19/12/2022 00:02:39] /i 2160
[19/12/2022 00:02:40] /i 2160
[19/12/2022 00:02:41] /i 2160
[19/12/2022 00:08:05] /save
[19/12/2022 00:08:11] /reload creaturescripts
[19/12/2022 00:16:23] /i 2472
[19/12/2022 00:25:43] /t
[19/12/2022 00:29:28] /m trainer
[19/12/2022 00:32:50] /i hydra egg
[19/12/2022 00:38:18] /i 7761
[19/12/2022 01:08:55] /t
[19/12/2022 01:09:23] /m trainer
[19/12/2022 01:20:21] /t
[19/12/2022 01:20:30] /a 50
[19/12/2022 01:21:34] /t
[19/12/2022 01:23:21] /a 50
[19/12/2022 01:23:26] /a 50
[19/12/2022 01:26:10] /t
[19/12/2022 01:28:32] /a 50
[19/12/2022 01:30:53] /t
[19/12/2022 01:30:57] /ghost
[19/12/2022 01:49:42] /i 2158
[19/12/2022 01:50:44] /i 2154
[19/12/2022 01:51:09] /i 2156
[19/12/2022 01:51:30] /i 5792
[19/12/2022 01:51:55] /i vip coin
[19/12/2022 01:52:02] /i premium coin
