[23/09/2022 23:02:46] /i backpack
[23/09/2022 23:02:57] /i 65535
[23/09/2022 23:03:22] /i 65533
[23/09/2022 23:09:27] /t
[23/09/2022 23:22:10] /reload spells
[23/09/2022 23:22:59] /reload spells
[23/09/2022 23:24:10] /save
[23/09/2022 23:28:09] /reload spells
[23/09/2022 23:33:11] /reload lua
[23/09/2022 23:33:22] /reload config.lua
[23/09/2022 23:33:29] /reload spells
[23/09/2022 23:35:51] /reload config
[23/09/2022 23:35:57] /reload spells
[23/09/2022 23:36:49] /reload config.lua
[23/09/2022 23:36:55] /reload spells
[23/09/2022 23:38:08] /reload config.lua
[23/09/2022 23:45:43] /reload spells
[23/09/2022 23:50:13] /reload spells
[24/09/2022 22:11:12] /a 150
[24/09/2022 22:11:17] /a 10
[24/09/2022 22:11:35] /a 50
[24/09/2022 22:11:40] /a 50
[24/09/2022 22:19:15] /reload otserv
[24/09/2022 22:19:23] /reload server
