[19/12/2022 01:54:09] /t
[19/12/2022 02:07:33] /t
[19/12/2022 02:07:45] /m trainer
[19/12/2022 02:12:26] /reload monster
[19/12/2022 02:15:02] /save
[19/12/2022 02:15:10] /openserver
[19/12/2022 02:15:14] /t
[19/12/2022 02:15:20] /r
[19/12/2022 02:15:58] /t
[19/12/2022 02:16:03] /ghost
[19/12/2022 02:16:07] /ghost
[19/12/2022 03:00:10] /ghost
[19/12/2022 03:00:39] /i 2158
[19/12/2022 03:01:27] /i 6541
[19/12/2022 03:02:43] /goto carlos
[19/12/2022 03:02:46] /a 2
[19/12/2022 03:03:52] /i old rold
[19/12/2022 03:03:55] /i old rod
[19/12/2022 03:04:03] /i picareta
[19/12/2022 03:04:09] /i vara de pesca
[19/12/2022 03:04:23] /c carlos
[19/12/2022 03:04:50] /i old rod
[19/12/2022 03:05:10] /i picareta
[19/12/2022 03:07:13] /i 2580
[19/12/2022 03:07:19] /goto carlos
[19/12/2022 03:14:30] /t
[19/12/2022 03:14:41] /c carlos
[19/12/2022 03:15:01] /goto carlos
[19/12/2022 03:15:05] /goto carlos
[19/12/2022 03:15:22] /goto carlos
[19/12/2022 03:20:48] /m trainer
[19/12/2022 03:20:56] /m trainer
[19/12/2022 03:22:17] /r
[19/12/2022 03:22:51] /t
[19/12/2022 03:55:59] /m trainer
[19/12/2022 03:56:43] /r
