[24/09/2022 22:20:13] /r
[24/09/2022 22:20:26] /a 5
[24/09/2022 22:21:01] /a 5
[24/09/2022 22:35:25] /a 5
[24/09/2022 22:38:13] /reload actions
[24/09/2022 22:38:17] /a 5
[24/09/2022 22:44:13] /reload actions
[24/09/2022 22:54:23] /a 5
[24/09/2022 23:01:52] /reload actions
[24/09/2022 23:01:55] /a 5
[25/09/2022 00:56:26] /reload actions
[25/09/2022 01:04:47] /r
[25/09/2022 01:04:51] /i 1498
[25/09/2022 01:04:59] /r
[25/09/2022 01:11:51] /reload actions
[25/09/2022 01:12:15] /up
[25/09/2022 01:16:51] /a 100
[25/09/2022 01:16:58] /a 30
[25/09/2022 01:19:16] /reload actions
[25/09/2022 01:19:19] /a 20
[25/09/2022 01:19:22] /a 15
[25/09/2022 01:25:25] /reload actions
[25/09/2022 01:26:49] /reload actions
[25/09/2022 01:26:54] /i 2160
[25/09/2022 01:28:38] /clean
[25/09/2022 01:32:20] /reload actions
[25/09/2022 01:33:41] /reload actions
[25/09/2022 01:34:41] /reload actions
[25/09/2022 01:37:07] /a 2
[25/09/2022 01:38:18] /t
[25/09/2022 01:40:35] /i 8305
[25/09/2022 01:44:00] /a 1005
[25/09/2022 01:44:03] /a 105
[25/09/2022 01:46:45] /a 5
[25/09/2022 01:46:53] /a reload actions
[25/09/2022 01:47:01] /reload actions
[25/09/2022 20:04:44] /a 5
[25/09/2022 20:04:46] /r
[25/09/2022 20:04:55] /i sword
[25/09/2022 20:05:04] /attr attack 99999
[25/09/2022 20:05:25] /r
[25/09/2022 20:05:41] /i 2148
[25/09/2022 20:06:20] /i 2150
[25/09/2022 20:06:44] /i 2520
[25/09/2022 20:07:15] /i 1987
[25/09/2022 20:07:31] /i 2158
[25/09/2022 20:07:46] /i 2520
[25/09/2022 20:08:15] /i 2165
[25/09/2022 20:10:49] /i 2159
[25/09/2022 20:11:08] /i 2157
[25/09/2022 20:14:05] /reload monsters
[25/09/2022 20:14:10] /reload items
[25/09/2022 20:14:21] /reload item
[25/09/2022 20:38:49] /m Annihialator
[25/09/2022 20:42:59] /i Annihialator
[25/09/2022 20:43:02] /m Annihialator
[25/09/2022 20:43:43] /reload monster
[25/09/2022 20:43:47] /m Annihialator
[25/09/2022 20:50:31] /m Annihialator
[25/09/2022 20:50:57] /i 215
[25/09/2022 20:51:00] /i 2157
[25/09/2022 21:00:35] /i Annihialator
[25/09/2022 21:01:52] /reload monsters
[25/09/2022 21:01:55] /m Annihilon
[25/09/2022 21:02:17] /r
[25/09/2022 21:02:23] /a 5
[25/09/2022 21:05:18] /reload actions
[25/09/2022 21:05:44] /reload items
[25/09/2022 21:06:03] /reload actions
[25/09/2022 21:07:40] /i 2156
[25/09/2022 21:09:35] /reload actions
[25/09/2022 21:09:55] /t
[25/09/2022 21:21:11] /a 110
[25/09/2022 21:25:20] /reload actions
[25/09/2022 21:31:12] /reload actions
[25/09/2022 21:31:50] /r
[25/09/2022 21:31:51] /a
[25/09/2022 21:31:56] /i 1946
[25/09/2022 21:51:53] /reload actions
[25/09/2022 21:52:24] /reload actions
[25/09/2022 21:52:38] /down
[25/09/2022 21:52:48] /a 2
[25/09/2022 21:53:24] /up
[25/09/2022 21:53:27] /a 2
[25/09/2022 21:53:33] /a 2
[25/09/2022 22:09:13] /i 9825
[25/09/2022 22:10:16] /down
[25/09/2022 22:11:06] /up
[25/09/2022 22:12:02] /down
[25/09/2022 22:13:28] /up
[25/09/2022 22:13:35] /reload actions
[25/09/2022 22:16:36] /reload actions
[25/09/2022 22:29:59] /down
[25/09/2022 22:30:13] /up
[25/09/2022 22:30:18] /reload actions
[25/09/2022 22:36:24] /down
[25/09/2022 22:36:28] /r
[25/09/2022 22:36:35] /up
[25/09/2022 22:36:37] /a 5
[25/09/2022 22:36:39] /a 2
[25/09/2022 22:42:09] /reload actions
[25/09/2022 22:57:14] /down
[25/09/2022 23:02:53] /up
[25/09/2022 23:06:30] /down
[25/09/2022 23:09:28] /up
[25/09/2022 23:09:32] /reload actions
[25/09/2022 23:10:13] /reload actions
[25/09/2022 23:23:39] /down
[25/09/2022 23:24:27] /up
[25/09/2022 23:25:10] /down
[25/09/2022 23:25:33] /up
[25/09/2022 23:25:36] /t
[25/09/2022 23:26:04] /a 110
[25/09/2022 23:28:23] /reload actions
[26/09/2022 14:28:07] /t
[26/09/2022 14:57:49] /i 2160
[26/09/2022 14:57:59] /i 2160
[26/09/2022 14:58:11] /i 2160
[26/09/2022 14:59:17] /i 2160
[26/09/2022 14:59:28] /i 2160
[26/09/2022 15:00:51] /i 2160
[26/09/2022 15:05:54] /r
[26/09/2022 15:05:58] /a 2
[26/09/2022 15:06:07] /a 2
[26/09/2022 15:06:36] /a 2
[26/09/2022 15:06:42] /r
[26/09/2022 15:06:46] /r
[26/09/2022 15:06:51] /a 2
[26/09/2022 15:18:48] /reload actions
[26/09/2022 15:19:06] /t
[26/09/2022 15:19:09] /a 20
[26/09/2022 15:20:35] /t
[26/09/2022 15:22:25] /t
[26/09/2022 16:04:46] /a 2
[26/09/2022 16:05:01] /a 2
[26/09/2022 16:05:15] /i gold nuggets
[26/09/2022 16:05:25] /i annihi coin
[26/09/2022 22:28:30] /i 2159
[26/09/2022 22:28:46] /i 2159
[26/09/2022 22:45:54] /t
[26/09/2022 22:46:52] /reload actions
[26/09/2022 22:50:57] /goto x = 1056, y = 1157, z = 1
[26/09/2022 22:51:21] /a x = 1056, y = 1157, z = 1
[26/09/2022 22:53:33] /goto 1056,1157, 1
[26/09/2022 22:56:06] /goto 1040,1096, 7
[26/09/2022 22:56:31] /t
[26/09/2022 22:57:00] /t
[26/09/2022 23:04:18] /goto pos 1047,1117,7
[26/09/2022 23:04:32] /goto 1047,1117,7
[27/09/2022 00:28:08] /t
[27/09/2022 00:28:13] /ghost
[27/09/2022 00:30:14] /ghost
[27/09/2022 00:30:16] /ghost
[27/09/2022 00:30:43] /m trainer
[27/09/2022 00:32:48] /i crystal wand
[27/09/2022 00:35:51] /i 5957
[27/09/2022 00:36:10] /i 5958
[27/09/2022 20:53:32] /i 2506
[27/09/2022 20:53:50] /i 2492
[27/09/2022 20:59:41] /reload spells
[27/09/2022 21:00:53] /reload spells
[27/09/2022 21:01:38] /reload spells
[27/09/2022 21:04:13] /reload spells
[27/09/2022 21:05:17] /reload spells
[27/09/2022 21:06:12] /reload spells
[27/09/2022 21:06:28] /i sword
[27/09/2022 21:10:46] /i 2160
[27/09/2022 21:10:47] /i 2160
[27/09/2022 21:30:10] /i 7451
[28/09/2022 23:01:36] /raid
[28/09/2022 23:01:59] /bc oi
[28/09/2022 23:02:27] /squelch
[28/09/2022 23:02:30] /squelch
[28/09/2022 23:02:40] /cliport
[28/09/2022 23:02:42] /cliport
[28/09/2022 23:02:45] /cliport
[28/09/2022 23:02:45] /cliport
[28/09/2022 23:13:20] /i 7438
[28/09/2022 23:17:58] /i 2474
[28/09/2022 23:25:59] /i 2389
[28/09/2022 23:29:30] /i 7359
[28/09/2022 23:29:37] /r
[28/09/2022 23:44:21] /i 2273
[28/09/2022 23:49:14] /r
[28/09/2022 23:52:28] /m verminor
[29/09/2022 00:03:22] /m verminor
[29/09/2022 00:03:41] /a
[29/09/2022 00:03:44] /a
[29/09/2022 00:06:30] /i 1981
[29/09/2022 00:14:41] /ghost
[29/09/2022 00:14:45] /ghost
[29/09/2022 00:26:44] /ghost
[29/09/2022 00:26:46] /ghost
[29/09/2022 12:28:21] /t
[29/09/2022 12:29:54] /reload globalevents
[29/09/2022 12:43:46] /goto 1123, 1065, 7
[29/09/2022 12:44:09] /goto 1116,1066, 7
[29/09/2022 12:44:32] /goto 1123,1056,7
[29/09/2022 12:44:56] /goto 1114,1062,7
[29/09/2022 12:45:26] /goto 1109,1054,7
[29/09/2022 12:47:07] /goto 1107,1044,7
[29/09/2022 12:47:31] /goto 1197,1044,7
[29/09/2022 12:47:56] /goto 1100,1054,7
[29/09/2022 12:48:15] /goto 1093,1048,7
[29/09/2022 12:49:03] /goto 1080,1054,7
[29/09/2022 12:49:21] /goto 1076,1037,7
[29/09/2022 12:49:57] /goto 1197,1044,7
[29/09/2022 12:50:23] /goto 1080,1054,7
[29/09/2022 12:50:39] /goto 1076, y= 1037, z= 7
[29/09/2022 12:50:49] /goto 1076,1037,7
[29/09/2022 12:51:11] /goto 1040,1052,7
[29/09/2022 12:51:28] /goto 1036,1070,7
[29/09/2022 12:51:46] /goto 1044,1083,7
[29/09/2022 12:52:03] /goto 1083,1075,7
[29/09/2022 12:52:18] /goto 1049,1063,7
[29/09/2022 12:52:39] /goto 1054,1084,7
[29/09/2022 12:52:53] /goto 1054,1114,7
[29/09/2022 12:53:09] /goto 1063,1115,7
[29/09/2022 12:53:23] /goto 1059,1093,7
[29/09/2022 12:53:40] /goto 1065,1098,7
[29/09/2022 12:53:59] /goto 1077,1098,7
[29/09/2022 12:55:20] /goto 1085,1098,7
[29/09/2022 12:55:44] /goto 1075,1085,7
[29/09/2022 12:56:23] /goto 1075,1074,7
[29/09/2022 12:56:36] /goto 1076,1067,7
[29/09/2022 12:56:51] /goto 1102,1101,7
[29/09/2022 12:57:06] /goto 1107,1093,7
[29/09/2022 12:57:21] /goto 1110,1094,7
[29/09/2022 12:57:38] /goto 1114,1092,7
[29/09/2022 12:59:08] /m saquiadora
[29/09/2022 13:00:07] /goto 1099,1072,7
[29/09/2022 13:00:23] /goto 1118,1064,7
[29/09/2022 13:00:36] /goto 1106,1054,7
[29/09/2022 13:00:54] /goto 1098,1043,7
[29/09/2022 13:01:09] /goto 1075,1057,7
[29/09/2022 13:01:22] /goto 1073,1034,7
[29/09/2022 13:01:35] /goto 1065,1047,7
[29/09/2022 13:01:58] /goto 1047,1049,7
[29/09/2022 13:02:12] /goto 1056,1060,7
[29/09/2022 13:02:32] /goto 1053,1070,7
[29/09/2022 13:02:53] /goto 1029,1070,7
[29/09/2022 13:03:07] /goto 1054,1083,7
[29/09/2022 13:03:24] /goto 1039,1083,7
[29/09/2022 13:03:36] /goto 1056,1094,7
[29/09/2022 13:03:49] /goto 1052,1112,7
[29/09/2022 13:04:06] /goto 1072,1118,7
[29/09/2022 13:04:21] /goto 1071,1104,7
[29/09/2022 13:04:35] /goto 1084,1099,7
[29/09/2022 13:04:49] /goto 1078,1084,7
[29/09/2022 13:05:03] /goto 1080,1070,7
[29/09/2022 13:05:18] /goto 1103,1109,7
[29/09/2022 13:05:39] /goto 1115,1092,7
[29/09/2022 13:05:59] /goto 1109,1094,7
[29/09/2022 13:06:21] /goto 1092,1086,7
[29/09/2022 13:06:36] /goto 1126,1075,7
[29/09/2022 13:06:56] /goto 1103,1045,7
[29/09/2022 13:07:10] /goto 1091,1046,7
[29/09/2022 13:07:24] /t
[29/09/2022 13:10:06] /t
[29/09/2022 13:11:13] /t
[29/09/2022 13:12:57] /reload globalevents
[29/09/2022 13:27:25] /t
[29/09/2022 13:28:56] /reload globalevents
[29/09/2022 13:44:32] /reload actions
[29/09/2022 13:49:52] /reload actiond
[29/09/2022 13:49:58] /reload actions
[29/09/2022 13:53:52] /i 8632
[29/09/2022 13:53:56] /r
[29/09/2022 13:54:17] /t
[29/09/2022 13:54:24] /i 8632
[29/09/2022 13:55:09] /i 2580
[29/09/2022 13:55:15] /i 10223
[29/09/2022 13:55:55] /reload actions
[29/09/2022 14:30:43] /i 5792
[29/09/2022 14:43:57] /i premium coin
[29/09/2022 14:51:22] /t
[29/09/2022 14:52:06] /i 8854
[29/09/2022 14:53:49] /i ephinnyc sword.
[29/09/2022 14:53:54] /i ephinnyc sword
[29/09/2022 14:53:56] /i ephinnyc sword
[29/09/2022 14:53:57] /i ephinnyc sword
[29/09/2022 14:58:13] /i 5792
[29/09/2022 14:58:35] /i 5792
[29/09/2022 14:58:36] /i 5792
[29/09/2022 14:58:40] /i 5792
[29/09/2022 14:58:41] /i 5792
[29/09/2022 14:58:41] /i 5792
[29/09/2022 14:58:47] /i 5792
[29/09/2022 14:58:48] /i 5792
[29/09/2022 14:58:48] /i 5792
[29/09/2022 14:58:50] /i 5792
[29/09/2022 14:58:54] /i 5792
[29/09/2022 14:58:55] /i 5792
[29/09/2022 14:58:56] /i 5792
[29/09/2022 14:58:56] /i 5792
[29/09/2022 14:58:57] /i 5792
[29/09/2022 14:58:57] /i 5792
[29/09/2022 14:58:58] /i 5792
[29/09/2022 14:59:09] /i 5792
[29/09/2022 14:59:11] /i 5792
[29/09/2022 14:59:18] /i 5792
[29/09/2022 14:59:19] /i 5792
[29/09/2022 14:59:20] /i 5792
[29/09/2022 14:59:21] /i 5792
[29/09/2022 14:59:22] /i 5792
[29/09/2022 14:59:23] /i 5792
[29/09/2022 14:59:24] /i 5792
[29/09/2022 14:59:59] /i 5792
[29/09/2022 15:00:24] /clean
[29/09/2022 15:00:25] /i 5792
[29/09/2022 15:00:26] /i 5792
[29/09/2022 15:00:26] /i 5792
[29/09/2022 15:00:27] /i 5792
[29/09/2022 15:00:28] /i 5792
[29/09/2022 15:00:28] /i 5792
[29/09/2022 15:00:29] /i 5792
[29/09/2022 15:00:30] /i 5792
[29/09/2022 15:00:30] /i 5792
[29/09/2022 15:00:31] /i 5792
[29/09/2022 15:00:31] /i 5792
[29/09/2022 15:00:32] /i 5792
[29/09/2022 15:00:32] /i 5792
[29/09/2022 15:00:33] /i 5792
[29/09/2022 15:00:33] /i 5792
[29/09/2022 15:00:34] /i 5792
[29/09/2022 15:00:35] /i 5792
[29/09/2022 15:01:01] /i 5792
[29/09/2022 15:01:01] /i 5792
[29/09/2022 15:01:01] /i 5792
[29/09/2022 15:01:02] /i 5792
[29/09/2022 15:01:02] /i 5792
[29/09/2022 15:01:03] /i 5792
[29/09/2022 15:01:03] /i 5792
[29/09/2022 15:01:04] /i 5792
[29/09/2022 15:01:05] /i 5792
[29/09/2022 15:01:06] /i 5792
[29/09/2022 15:01:07] /i 5792
[29/09/2022 15:01:07] /i 5792
[29/09/2022 15:01:07] /i 5792
[29/09/2022 15:01:08] /i 5792
[29/09/2022 15:01:08] /i 5792
[29/09/2022 15:01:09] /i 5792
[29/09/2022 15:01:10] /i 5792
[29/09/2022 15:01:11] /i 5792
[29/09/2022 15:01:48] /i 5792
[29/09/2022 15:01:50] /i 5792
[29/09/2022 15:01:51] /i 5792
[29/09/2022 15:01:53] /i 5792
[29/09/2022 15:01:54] /i 5792
[29/09/2022 15:01:55] /i 5792
[29/09/2022 15:01:56] /i 5792
[29/09/2022 15:01:57] /i 5792
[29/09/2022 15:01:58] /i 5792
[29/09/2022 15:01:59] /i 5792
[29/09/2022 15:02:00] /i 5792
[29/09/2022 15:02:01] /i 5792
[29/09/2022 15:03:51] /reload actions
[29/09/2022 15:04:00] /clean
[29/09/2022 15:04:02] /i 5792
[29/09/2022 15:04:02] /i 5792
[29/09/2022 15:04:03] /i 5792
[29/09/2022 15:04:04] /i 5792
[29/09/2022 15:04:05] /i 5792
[29/09/2022 15:04:05] /i 5792
[29/09/2022 15:04:06] /i 5792
[29/09/2022 15:04:06] /i 5792
[29/09/2022 15:04:06] /i 5792
[29/09/2022 15:04:07] /i 5792
[29/09/2022 15:04:07] /i 5792
[29/09/2022 15:04:08] /i 5792
[29/09/2022 15:04:08] /i 5792
[29/09/2022 15:04:09] /i 5792
[29/09/2022 15:04:09] /i 5792
[29/09/2022 15:04:31] /i 5792
[29/09/2022 15:04:32] /i 5792
[29/09/2022 15:04:32] /i 5792
[29/09/2022 15:04:36] /i 5792
[29/09/2022 15:04:36] /i 5792
[29/09/2022 15:04:37] /i 5792
[29/09/2022 15:04:38] /i 5792
[29/09/2022 15:04:38] /i 5792
[29/09/2022 15:04:38] /i 5792
[29/09/2022 15:04:38] /i 5792
[29/09/2022 15:04:38] /i 5792
[29/09/2022 15:04:38] /i 5792
[29/09/2022 15:04:39] /i 5792
[29/09/2022 15:04:40] /i 5792
[29/09/2022 15:04:40] /i 5792
[29/09/2022 15:04:40] /i 5792
[29/09/2022 15:04:40] /i 5792
[29/09/2022 15:04:40] /i 5792
[29/09/2022 15:04:41] /i 5792
[29/09/2022 15:04:41] /i 5792
[29/09/2022 15:04:41] /i 5792
[29/09/2022 15:04:41] /i 5792
[29/09/2022 15:04:41] /i 5792
[29/09/2022 15:04:48] /i 5792
[29/09/2022 15:04:48] /i 5792
[29/09/2022 15:04:48] /i 5792
[29/09/2022 15:04:48] /i 5792
[29/09/2022 15:04:48] /i 5792
[29/09/2022 15:04:49] /i 5792
[29/09/2022 15:04:49] /i 5792
[29/09/2022 15:04:49] /i 5792
[29/09/2022 15:04:49] /i 5792
[29/09/2022 15:04:49] /i 5792
[29/09/2022 15:04:49] /i 5792
[29/09/2022 15:04:49] /i 5792
[29/09/2022 15:04:49] /i 5792
[29/09/2022 15:04:49] /i 5792
[29/09/2022 15:04:49] /i 5792
[29/09/2022 15:04:49] /i 5792
[29/09/2022 15:04:49] /i 5792
[29/09/2022 15:04:49] /i 5792
[29/09/2022 15:04:49] /i 5792
[29/09/2022 15:04:49] /i 5792
[29/09/2022 15:04:49] /i 5792
[29/09/2022 15:04:49] /i 5792
[29/09/2022 15:04:49] /i 5792
[29/09/2022 15:04:49] /i 5792
[29/09/2022 15:04:49] /i 5792
[29/09/2022 15:04:49] /i 5792
[29/09/2022 15:04:49] /i 5792
[29/09/2022 15:04:49] /i 5792
[29/09/2022 15:04:49] /i 5792
[29/09/2022 15:04:49] /i 5792
[29/09/2022 15:04:49] /i 5792
[29/09/2022 15:04:49] /i 5792
[29/09/2022 15:04:49] /i 5792
[29/09/2022 15:04:49] /i 5792
[29/09/2022 15:04:49] /i 5792
[29/09/2022 15:04:49] /i 5792
[29/09/2022 15:04:50] /i 5792
[29/09/2022 15:04:50] /i 5792
[29/09/2022 15:04:50] /i 5792
[29/09/2022 15:04:50] /i 5792
[29/09/2022 15:04:50] /i 5792
[29/09/2022 15:04:50] /i 5792
[29/09/2022 15:04:50] /i 5792
[29/09/2022 15:04:50] /i 5792
[29/09/2022 15:04:50] /i 5792
[29/09/2022 15:04:50] /i 5792
[29/09/2022 15:04:50] /i 5792
[29/09/2022 15:04:50] /i 5792
[29/09/2022 15:04:50] /i 5792
[29/09/2022 15:04:50] /i 5792
[29/09/2022 15:04:50] /i 5792
[29/09/2022 15:04:50] /i 5792
[29/09/2022 15:04:50] /i 5792
[29/09/2022 15:04:50] /i 5792
[29/09/2022 15:04:50] /i 5792
[29/09/2022 15:04:50] /i 5792
[29/09/2022 15:04:50] /i 5792
[29/09/2022 15:04:50] /i 5792
[29/09/2022 15:04:50] /i 5792
[29/09/2022 15:04:50] /i 5792
[29/09/2022 15:04:50] /i 5792
[29/09/2022 15:04:50] /i 5792
[29/09/2022 15:04:50] /i 5792
[29/09/2022 15:04:50] /i 5792
[29/09/2022 15:04:50] /i 5792
[29/09/2022 15:04:50] /i 5792
[29/09/2022 15:04:51] /i 5792
[29/09/2022 15:04:51] /i 5792
[29/09/2022 15:04:51] /i 5792
[29/09/2022 15:04:51] /i 5792
[29/09/2022 15:04:51] /i 5792
[29/09/2022 15:04:51] /i 5792
[29/09/2022 15:04:51] /i 5792
[29/09/2022 15:04:51] /i 5792
[29/09/2022 15:04:51] /i 5792
[29/09/2022 15:06:15] /i 5792
[29/09/2022 15:06:15] /i 5792
[29/09/2022 15:06:15] /i 5792
[29/09/2022 15:06:15] /i 5792
[29/09/2022 15:06:15] /i 5792
[29/09/2022 15:06:15] /i 5792
[29/09/2022 15:06:16] /i 5792
[29/09/2022 15:06:16] /i 5792
[29/09/2022 15:06:16] /i 5792
[29/09/2022 15:06:16] /i 5792
[29/09/2022 15:06:16] /i 5792
[29/09/2022 15:06:16] /i 5792
[29/09/2022 15:06:16] /i 5792
[29/09/2022 15:06:16] /i 5792
[29/09/2022 15:06:16] /i 5792
[29/09/2022 15:06:16] /i 5792
[29/09/2022 15:06:16] /i 5792
[29/09/2022 15:06:16] /i 5792
[29/09/2022 15:06:16] /i 5792
[29/09/2022 15:06:16] /i 5792
[29/09/2022 15:06:16] /i 5792
[29/09/2022 15:06:16] /i 5792
[29/09/2022 15:06:16] /i 5792
[29/09/2022 15:06:16] /i 5792
[29/09/2022 15:06:16] /i 5792
[29/09/2022 15:06:16] /i 5792
[29/09/2022 15:06:16] /i 5792
[29/09/2022 15:06:16] /i 5792
[29/09/2022 15:06:16] /i 5792
[29/09/2022 15:06:16] /i 5792
[29/09/2022 15:06:16] /i 5792
[29/09/2022 15:06:16] /i 5792
[29/09/2022 15:06:16] /i 5792
[29/09/2022 15:06:17] /i 5792
[29/09/2022 15:06:17] /i 5792
[29/09/2022 15:06:17] /i 5792
[29/09/2022 15:06:17] /i 5792
[29/09/2022 15:06:17] /i 5792
[29/09/2022 15:06:17] /i 5792
[29/09/2022 15:06:17] /i 5792
[29/09/2022 15:06:17] /i 5792
[29/09/2022 15:06:17] /i 5792
[29/09/2022 15:06:17] /i 5792
[29/09/2022 15:06:17] /i 5792
[29/09/2022 15:06:17] /i 5792
[29/09/2022 15:06:17] /i 5792
[29/09/2022 15:06:17] /i 5792
[29/09/2022 15:06:17] /i 5792
[29/09/2022 15:06:17] /i 5792
[29/09/2022 15:06:17] /i 5792
[29/09/2022 15:06:17] /i 5792
[29/09/2022 15:06:17] /i 5792
[29/09/2022 15:06:17] /i 5792
[29/09/2022 15:06:17] /i 5792
[29/09/2022 15:07:14] /reload actions
[29/09/2022 15:07:16] /i 5792
[29/09/2022 15:07:17] /i 5792
[29/09/2022 15:07:17] /i 5792
[29/09/2022 15:07:17] /i 5792
[29/09/2022 15:07:17] /i 5792
[29/09/2022 15:07:17] /i 5792
[29/09/2022 15:07:17] /i 5792
[29/09/2022 15:07:17] /i 5792
[29/09/2022 15:07:17] /i 5792
[29/09/2022 15:07:17] /i 5792
[29/09/2022 15:07:17] /i 5792
[29/09/2022 15:07:17] /i 5792
[29/09/2022 15:07:17] /i 5792
[29/09/2022 15:07:17] /i 5792
[29/09/2022 15:07:17] /i 5792
[29/09/2022 15:07:17] /i 5792
[29/09/2022 15:07:17] /i 5792
[29/09/2022 15:07:17] /i 5792
[29/09/2022 15:07:17] /i 5792
[29/09/2022 15:07:17] /i 5792
[29/09/2022 15:07:17] /i 5792
[29/09/2022 15:07:17] /i 5792
[29/09/2022 15:07:17] /i 5792
[29/09/2022 15:07:17] /i 5792
[29/09/2022 15:07:17] /i 5792
[29/09/2022 15:07:17] /i 5792
[29/09/2022 15:07:17] /i 5792
[29/09/2022 15:07:17] /i 5792
[29/09/2022 15:07:18] /i 5792
[29/09/2022 15:07:18] /i 5792
[29/09/2022 15:07:18] /i 5792
[29/09/2022 15:07:18] /i 5792
[29/09/2022 15:07:18] /i 5792
[29/09/2022 15:07:18] /i 5792
[29/09/2022 15:07:18] /i 5792
[29/09/2022 15:07:18] /i 5792
[29/09/2022 15:07:18] /i 5792
[29/09/2022 15:07:18] /i 5792
[29/09/2022 15:07:18] /i 5792
[29/09/2022 15:07:18] /i 5792
[29/09/2022 15:07:18] /i 5792
[29/09/2022 15:07:29] /i 5792
[29/09/2022 15:07:29] /i 5792
[29/09/2022 15:07:30] /i 5792
[29/09/2022 15:07:30] /i 5792
[29/09/2022 15:07:30] /i 5792
[29/09/2022 15:07:32] /i 5792
[29/09/2022 15:07:33] /i 5792
[29/09/2022 15:07:34] /i 5792
[29/09/2022 15:07:39] /clean
[29/09/2022 15:10:18] /reload actions
[29/09/2022 15:10:19] /i 5792
[29/09/2022 15:10:20] /i 5792
[29/09/2022 15:10:20] /i 5792
[29/09/2022 15:10:20] /i 5792
[29/09/2022 15:10:20] /i 5792
[29/09/2022 15:10:20] /i 5792
[29/09/2022 15:10:20] /i 5792
[29/09/2022 15:10:20] /i 5792
[29/09/2022 15:10:20] /i 5792
[29/09/2022 15:10:20] /i 5792
[29/09/2022 15:10:20] /i 5792
[29/09/2022 15:10:20] /i 5792
[29/09/2022 15:10:20] /i 5792
[29/09/2022 15:10:20] /i 5792
[29/09/2022 15:10:20] /i 5792
[29/09/2022 15:10:20] /i 5792
[29/09/2022 15:10:20] /i 5792
[29/09/2022 15:10:20] /i 5792
[29/09/2022 15:10:21] /i 5792
[29/09/2022 15:10:21] /i 5792
[29/09/2022 15:10:21] /i 5792
[29/09/2022 15:10:21] /i 5792
[29/09/2022 15:10:21] /i 5792
[29/09/2022 15:10:21] /i 5792
[29/09/2022 15:10:21] /i 5792
[29/09/2022 15:10:21] /i 5792
[29/09/2022 15:10:21] /i 5792
[29/09/2022 15:10:21] /i 5792
[29/09/2022 15:10:21] /i 5792
[29/09/2022 15:10:21] /i 5792
[29/09/2022 15:10:21] /i 5792
[29/09/2022 15:10:21] /i 5792
[29/09/2022 15:10:21] /i 5792
[29/09/2022 15:10:21] /i 5792
[29/09/2022 15:10:21] /i 5792
[29/09/2022 15:10:21] /i 5792
[29/09/2022 15:10:21] /i 5792
[29/09/2022 15:10:21] /i 5792
[29/09/2022 15:10:21] /i 5792
[29/09/2022 15:10:21] /i 5792
[29/09/2022 15:10:21] /i 5792
[29/09/2022 15:10:21] /i 5792
[29/09/2022 15:10:21] /i 5792
[29/09/2022 15:10:21] /i 5792
[29/09/2022 15:10:21] /i 5792
[29/09/2022 15:10:22] /i 5792
[29/09/2022 15:10:22] /i 5792
[29/09/2022 15:10:22] /i 5792
[29/09/2022 15:10:22] /i 5792
[29/09/2022 15:10:22] /i 5792
[29/09/2022 15:10:22] /i 5792
[29/09/2022 15:10:22] /i 5792
[29/09/2022 15:10:22] /i 5792
[29/09/2022 15:10:22] /i 5792
[29/09/2022 15:10:22] /i 5792
[29/09/2022 15:10:22] /i 5792
[29/09/2022 15:10:22] /i 5792
[29/09/2022 15:10:22] /i 5792
[29/09/2022 15:10:22] /i 5792
[29/09/2022 15:10:22] /i 5792
[29/09/2022 15:10:22] /i 5792
[29/09/2022 15:11:17] /reload actions
[29/09/2022 15:11:19] /i 5792
[29/09/2022 15:11:19] /i 5792
[29/09/2022 15:11:19] /i 5792
[29/09/2022 15:11:19] /i 5792
[29/09/2022 15:11:19] /i 5792
[29/09/2022 15:11:19] /i 5792
[29/09/2022 15:11:19] /i 5792
[29/09/2022 15:11:19] /i 5792
[29/09/2022 15:11:19] /i 5792
[29/09/2022 15:11:19] /i 5792
[29/09/2022 15:11:19] /i 5792
[29/09/2022 15:11:19] /i 5792
[29/09/2022 15:11:20] /i 5792
[29/09/2022 15:11:20] /i 5792
[29/09/2022 15:11:20] /i 5792
[29/09/2022 15:11:20] /i 5792
[29/09/2022 15:11:20] /i 5792
[29/09/2022 15:11:20] /i 5792
[29/09/2022 15:11:20] /i 5792
[29/09/2022 15:11:20] /i 5792
[29/09/2022 15:11:20] /i 5792
[29/09/2022 15:11:20] /i 5792
[29/09/2022 15:11:20] /i 5792
[29/09/2022 15:11:20] /i 5792
[29/09/2022 15:11:20] /i 5792
[29/09/2022 15:11:20] /i 5792
[29/09/2022 15:11:20] /i 5792
[29/09/2022 15:11:20] /i 5792
[29/09/2022 15:11:20] /i 5792
[29/09/2022 15:11:20] /i 5792
[29/09/2022 15:11:20] /i 5792
[29/09/2022 15:11:20] /i 5792
[29/09/2022 15:11:20] /i 5792
[29/09/2022 15:11:20] /i 5792
[29/09/2022 15:11:20] /i 5792
[29/09/2022 15:11:20] /i 5792
[29/09/2022 15:11:20] /i 5792
[29/09/2022 15:11:20] /i 5792
[29/09/2022 15:11:21] /i 5792
[29/09/2022 15:11:21] /i 5792
[29/09/2022 15:11:21] /i 5792
[29/09/2022 15:11:21] /i 5792
[29/09/2022 15:11:21] /i 5792
[29/09/2022 15:11:21] /i 5792
[29/09/2022 15:11:21] /i 5792
[29/09/2022 15:11:21] /i 5792
[29/09/2022 15:11:21] /i 5792
[29/09/2022 15:11:21] /i 5792
[29/09/2022 15:11:21] /i 5792
[29/09/2022 15:11:21] /i 5792
[29/09/2022 15:11:21] /i 5792
[29/09/2022 15:11:21] /i 5792
[29/09/2022 15:11:21] /i 5792
[29/09/2022 15:11:21] /i 5792
[29/09/2022 15:11:21] /i 5792
[29/09/2022 15:11:21] /i 5792
[29/09/2022 15:11:21] /i 5792
[29/09/2022 15:11:21] /i 5792
[29/09/2022 15:11:21] /i 5792
[29/09/2022 15:11:21] /i 5792
[29/09/2022 15:11:21] /i 5792
[29/09/2022 15:11:21] /i 5792
[29/09/2022 15:11:21] /i 5792
[29/09/2022 15:11:21] /i 5792
[29/09/2022 15:12:13] /i 5792
[29/09/2022 15:12:14] /i 5792
[29/09/2022 15:12:14] /i 5792
[29/09/2022 15:12:14] /i 5792
[29/09/2022 15:12:14] /i 5792
[29/09/2022 15:12:14] /i 5792
[29/09/2022 15:12:14] /i 5792
[29/09/2022 15:12:14] /i 5792
[29/09/2022 15:12:14] /i 5792
[29/09/2022 15:12:14] /i 5792
[29/09/2022 15:12:14] /i 5792
[29/09/2022 15:12:14] /i 5792
[29/09/2022 15:12:14] /i 5792
[29/09/2022 15:12:14] /i 5792
[29/09/2022 15:12:14] /i 5792
[29/09/2022 15:12:14] /i 5792
[29/09/2022 15:12:14] /i 5792
[29/09/2022 15:12:14] /i 5792
[29/09/2022 15:12:14] /i 5792
[29/09/2022 15:12:14] /i 5792
[29/09/2022 15:12:15] /i 5792
[29/09/2022 15:12:15] /i 5792
[29/09/2022 15:12:15] /i 5792
[29/09/2022 15:12:15] /i 5792
[29/09/2022 15:12:15] /i 5792
[29/09/2022 15:12:15] /i 5792
[29/09/2022 15:12:15] /i 5792
[29/09/2022 15:12:15] /i 5792
[29/09/2022 15:12:15] /i 5792
[29/09/2022 15:12:15] /i 5792
[29/09/2022 15:12:15] /i 5792
[29/09/2022 15:12:15] /i 5792
[29/09/2022 15:12:15] /i 5792
[29/09/2022 15:12:15] /i 5792
[29/09/2022 15:12:15] /i 5792
[29/09/2022 15:12:15] /i 5792
[29/09/2022 15:12:15] /i 5792
[29/09/2022 15:12:15] /i 5792
[29/09/2022 15:12:15] /i 5792
[29/09/2022 15:12:15] /i 5792
[29/09/2022 15:12:15] /i 5792
[29/09/2022 15:12:15] /i 5792
[29/09/2022 15:12:15] /i 5792
[29/09/2022 15:12:15] /i 5792
[29/09/2022 15:12:15] /i 5792
[29/09/2022 15:12:15] /i 5792
[29/09/2022 15:12:16] /i 5792
[29/09/2022 15:12:16] /i 5792
[29/09/2022 15:12:16] /i 5792
[29/09/2022 15:12:16] /i 5792
[29/09/2022 15:12:16] /i 5792
[29/09/2022 15:12:16] /i 5792
[29/09/2022 15:12:16] /i 5792
[29/09/2022 15:12:16] /i 5792
[29/09/2022 15:12:16] /i 5792
[29/09/2022 15:12:16] /i 5792
[29/09/2022 15:12:16] /i 5792
[29/09/2022 15:12:16] /i 5792
[29/09/2022 15:12:16] /i 5792
[29/09/2022 15:12:16] /i 5792
[29/09/2022 15:12:16] /i 5792
[29/09/2022 15:12:16] /i 5792
[29/09/2022 15:12:16] /i 5792
[29/09/2022 15:12:16] /i 5792
[29/09/2022 15:12:16] /i 5792
[29/09/2022 15:12:16] /i 5792
[29/09/2022 15:12:16] /i 5792
[29/09/2022 15:12:16] /i 5792
[29/09/2022 15:12:16] /i 5792
[29/09/2022 15:12:16] /i 5792
[29/09/2022 15:12:16] /i 5792
[29/09/2022 15:12:16] /i 5792
[29/09/2022 15:12:17] /i 5792
[29/09/2022 15:12:17] /i 5792
[29/09/2022 15:12:17] /i 5792
[29/09/2022 15:12:17] /i 5792
[29/09/2022 15:12:17] /i 5792
[29/09/2022 15:12:17] /i 5792
[29/09/2022 15:12:17] /i 5792
[29/09/2022 15:12:17] /i 5792
[29/09/2022 15:12:17] /i 5792
[29/09/2022 15:12:17] /i 5792
[29/09/2022 15:12:17] /i 5792
[29/09/2022 15:12:17] /i 5792
[29/09/2022 15:12:17] /i 5792
[29/09/2022 15:12:17] /i 5792
[29/09/2022 15:12:17] /i 5792
[29/09/2022 15:12:17] /i 5792
[29/09/2022 15:12:17] /i 5792
[29/09/2022 15:12:17] /i 5792
[29/09/2022 15:12:17] /i 5792
[29/09/2022 15:12:17] /i 5792
[29/09/2022 15:12:17] /i 5792
[29/09/2022 15:12:17] /i 5792
[29/09/2022 15:12:17] /i 5792
[29/09/2022 15:12:17] /i 5792
[29/09/2022 15:12:17] /i 5792
[29/09/2022 15:14:09] /reload actions
[29/09/2022 15:14:13] /clean
[29/09/2022 15:14:14] /i 5792
[29/09/2022 15:14:15] /i 5792
[29/09/2022 15:14:15] /i 5792
[29/09/2022 15:14:15] /i 5792
[29/09/2022 15:14:15] /i 5792
[29/09/2022 15:14:15] /i 5792
[29/09/2022 15:14:15] /i 5792
[29/09/2022 15:14:15] /i 5792
[29/09/2022 15:14:15] /i 5792
[29/09/2022 15:14:15] /i 5792
[29/09/2022 15:14:15] /i 5792
[29/09/2022 15:14:15] /i 5792
[29/09/2022 15:14:15] /i 5792
[29/09/2022 15:14:15] /i 5792
[29/09/2022 15:14:15] /i 5792
[29/09/2022 15:14:15] /i 5792
[29/09/2022 15:14:15] /i 5792
[29/09/2022 15:14:15] /i 5792
[29/09/2022 15:14:15] /i 5792
[29/09/2022 15:14:15] /i 5792
[29/09/2022 15:14:15] /i 5792
[29/09/2022 15:14:15] /i 5792
[29/09/2022 15:14:15] /i 5792
[29/09/2022 15:14:15] /i 5792
[29/09/2022 15:14:15] /i 5792
[29/09/2022 15:14:15] /i 5792
[29/09/2022 15:14:16] /i 5792
[29/09/2022 15:14:16] /i 5792
[29/09/2022 15:14:16] /i 5792
[29/09/2022 15:14:16] /i 5792
[29/09/2022 15:14:16] /i 5792
[29/09/2022 15:14:16] /i 5792
[29/09/2022 15:14:16] /i 5792
[29/09/2022 15:14:16] /i 5792
[29/09/2022 15:14:16] /i 5792
[29/09/2022 15:14:16] /i 5792
[29/09/2022 15:14:16] /i 5792
[29/09/2022 15:14:16] /i 5792
[29/09/2022 15:14:16] /i 5792
[29/09/2022 15:14:16] /i 5792
[29/09/2022 15:14:16] /i 5792
[29/09/2022 15:14:16] /i 5792
[29/09/2022 15:14:16] /i 5792
[29/09/2022 15:14:16] /i 5792
[29/09/2022 15:14:16] /i 5792
[29/09/2022 15:14:16] /i 5792
[29/09/2022 15:14:16] /i 5792
[29/09/2022 15:14:16] /i 5792
[29/09/2022 15:14:16] /i 5792
[29/09/2022 15:14:16] /i 5792
[29/09/2022 15:14:16] /i 5792
[29/09/2022 15:14:16] /i 5792
[29/09/2022 15:14:17] /i 5792
[29/09/2022 15:14:17] /i 5792
[29/09/2022 15:14:17] /i 5792
[29/09/2022 15:14:17] /i 5792
[29/09/2022 15:14:17] /i 5792
[29/09/2022 15:14:17] /i 5792
[29/09/2022 15:14:17] /i 5792
[29/09/2022 15:14:17] /i 5792
[29/09/2022 15:14:17] /i 5792
[29/09/2022 15:14:17] /i 5792
[29/09/2022 15:14:17] /i 5792
[29/09/2022 15:14:17] /i 5792
[29/09/2022 15:14:17] /i 5792
[29/09/2022 15:15:22] /clean
[29/09/2022 15:19:45] /reload actions
[29/09/2022 15:19:48] /i 5792
[29/09/2022 15:19:49] /i 5792
[29/09/2022 15:19:49] /i 5792
[29/09/2022 15:19:49] /i 5792
[29/09/2022 15:19:49] /i 5792
[29/09/2022 15:19:49] /i 5792
[29/09/2022 15:19:49] /i 5792
[29/09/2022 15:19:49] /i 5792
[29/09/2022 15:19:49] /i 5792
[29/09/2022 15:19:49] /i 5792
[29/09/2022 15:19:49] /i 5792
[29/09/2022 15:19:49] /i 5792
[29/09/2022 15:19:49] /i 5792
[29/09/2022 15:19:49] /i 5792
[29/09/2022 15:19:49] /i 5792
[29/09/2022 15:19:49] /i 5792
[29/09/2022 15:19:49] /i 5792
[29/09/2022 15:19:49] /i 5792
[29/09/2022 15:19:49] /i 5792
[29/09/2022 15:19:49] /i 5792
[29/09/2022 15:19:50] /i 5792
[29/09/2022 15:19:50] /i 5792
[29/09/2022 15:19:50] /i 5792
[29/09/2022 15:19:50] /i 5792
[29/09/2022 15:19:50] /i 5792
[29/09/2022 15:19:50] /i 5792
[29/09/2022 15:19:50] /i 5792
[29/09/2022 15:19:50] /i 5792
[29/09/2022 15:19:50] /i 5792
[29/09/2022 15:19:50] /i 5792
[29/09/2022 15:19:50] /i 5792
[29/09/2022 15:19:50] /i 5792
[29/09/2022 15:19:50] /i 5792
[29/09/2022 15:19:50] /i 5792
[29/09/2022 15:19:50] /i 5792
[29/09/2022 15:19:50] /i 5792
[29/09/2022 15:19:50] /i 5792
[29/09/2022 15:19:50] /i 5792
[29/09/2022 15:19:50] /i 5792
[29/09/2022 15:19:50] /i 5792
[29/09/2022 15:19:50] /i 5792
[29/09/2022 15:19:50] /i 5792
[29/09/2022 15:19:50] /i 5792
[29/09/2022 15:19:50] /i 5792
[29/09/2022 15:19:50] /i 5792
[29/09/2022 15:19:50] /i 5792
[29/09/2022 15:19:50] /i 5792
[29/09/2022 15:19:50] /i 5792
[29/09/2022 15:19:50] /i 5792
[29/09/2022 15:19:50] /i 5792
[29/09/2022 15:19:50] /i 5792
[29/09/2022 15:19:51] /i 5792
[29/09/2022 15:19:51] /i 5792
[29/09/2022 15:19:51] /i 5792
[29/09/2022 15:19:51] /i 5792
[29/09/2022 15:19:51] /i 5792
[29/09/2022 15:19:51] /i 5792
[29/09/2022 15:19:51] /i 5792
[29/09/2022 15:19:51] /i 5792
[29/09/2022 15:20:08] /i 5792
[29/09/2022 15:20:09] /i 5792
[29/09/2022 15:20:09] /i 5792
[29/09/2022 15:20:09] /i 5792
[29/09/2022 15:20:09] /i 5792
[29/09/2022 15:20:09] /i 5792
[29/09/2022 15:20:09] /i 5792
[29/09/2022 15:20:09] /i 5792
[29/09/2022 15:20:09] /i 5792
[29/09/2022 15:20:09] /i 5792
[29/09/2022 15:20:09] /i 5792
[29/09/2022 15:20:09] /i 5792
[29/09/2022 15:20:09] /i 5792
[29/09/2022 15:20:09] /i 5792
[29/09/2022 15:20:09] /i 5792
[29/09/2022 15:20:09] /i 5792
[29/09/2022 15:20:09] /i 5792
[29/09/2022 15:20:09] /i 5792
[29/09/2022 15:20:09] /i 5792
[29/09/2022 15:20:10] /i 5792
[29/09/2022 15:20:10] /i 5792
[29/09/2022 15:20:10] /i 5792
[29/09/2022 15:20:10] /i 5792
[29/09/2022 15:20:10] /i 5792
[29/09/2022 15:20:10] /i 5792
[29/09/2022 15:20:10] /i 5792
[29/09/2022 15:20:10] /i 5792
[29/09/2022 15:20:10] /i 5792
[29/09/2022 15:20:10] /i 5792
[29/09/2022 15:20:10] /i 5792
[29/09/2022 15:20:10] /i 5792
[29/09/2022 15:20:10] /i 5792
[29/09/2022 15:20:10] /i 5792
[29/09/2022 15:20:10] /i 5792
[29/09/2022 15:20:10] /i 5792
[29/09/2022 15:20:10] /i 5792
[29/09/2022 15:20:10] /i 5792
[29/09/2022 15:20:10] /i 5792
[29/09/2022 15:20:10] /i 5792
[29/09/2022 15:20:10] /i 5792
[29/09/2022 15:20:10] /i 5792
[29/09/2022 15:20:10] /i 5792
[29/09/2022 15:20:10] /i 5792
[29/09/2022 15:20:10] /i 5792
[29/09/2022 15:20:10] /i 5792
[29/09/2022 15:20:10] /i 5792
[29/09/2022 15:20:10] /i 5792
[29/09/2022 15:20:10] /i 5792
[29/09/2022 15:20:10] /i 5792
[29/09/2022 15:20:11] /i 5792
[29/09/2022 15:20:11] /i 5792
[29/09/2022 15:20:11] /i 5792
[29/09/2022 15:20:11] /i 5792
[29/09/2022 15:20:11] /i 5792
[29/09/2022 15:20:11] /i 5792
[29/09/2022 15:20:11] /i 5792
[29/09/2022 15:20:11] /i 5792
[29/09/2022 15:20:11] /i 5792
[29/09/2022 15:20:11] /i 5792
[29/09/2022 15:20:11] /i 5792
[29/09/2022 15:20:11] /i 5792
[29/09/2022 15:20:11] /i 5792
[29/09/2022 15:20:11] /i 5792
[29/09/2022 15:20:11] /i 5792
[29/09/2022 15:20:11] /i 5792
[29/09/2022 15:20:11] /i 5792
[29/09/2022 15:20:11] /i 5792
[29/09/2022 15:20:11] /i 5792
[29/09/2022 15:20:11] /i 5792
[29/09/2022 15:20:11] /i 5792
[29/09/2022 15:20:11] /i 5792
[29/09/2022 15:20:11] /i 5792
[29/09/2022 15:20:11] /i 5792
[29/09/2022 15:20:11] /i 5792
[29/09/2022 15:20:11] /i 5792
[29/09/2022 15:20:11] /i 5792
[29/09/2022 15:20:11] /i 5792
[29/09/2022 15:20:11] /i 5792
[29/09/2022 15:20:11] /i 5792
[29/09/2022 15:20:12] /i 5792
[29/09/2022 15:20:12] /i 5792
[29/09/2022 15:20:12] /i 5792
[29/09/2022 15:20:12] /i 5792
[29/09/2022 15:20:12] /i 5792
[29/09/2022 15:20:12] /i 5792
[29/09/2022 15:20:12] /i 5792
[29/09/2022 15:20:12] /i 5792
[29/09/2022 15:20:12] /i 5792
[29/09/2022 15:20:12] /i 5792
[29/09/2022 15:20:12] /i 5792
[29/09/2022 15:20:12] /i 5792
[29/09/2022 15:20:12] /i 5792
[29/09/2022 15:20:12] /i 5792
[29/09/2022 15:20:12] /i 5792
[29/09/2022 15:20:12] /i 5792
[29/09/2022 15:20:12] /i 5792
[29/09/2022 15:20:12] /i 5792
[29/09/2022 15:20:12] /i 5792
[29/09/2022 15:20:12] /i 5792
[29/09/2022 15:20:12] /i 5792
[29/09/2022 15:20:12] /i 5792
[29/09/2022 15:20:12] /i 5792
[29/09/2022 15:20:12] /i 5792
[29/09/2022 15:20:53] /i 2145
[29/09/2022 15:21:16] /reload actions
[29/09/2022 15:21:20] /r
[29/09/2022 15:21:52] /i 5792
[29/09/2022 15:21:52] /i 5792
[29/09/2022 15:21:52] /i 5792
[29/09/2022 15:21:53] /i 5792
[29/09/2022 15:21:53] /i 5792
[29/09/2022 15:21:53] /i 5792
[29/09/2022 15:21:53] /i 5792
[29/09/2022 15:21:53] /i 5792
[29/09/2022 15:21:53] /i 5792
[29/09/2022 15:21:53] /i 5792
[29/09/2022 15:21:53] /i 5792
[29/09/2022 15:21:53] /i 5792
[29/09/2022 15:21:53] /i 5792
[29/09/2022 15:21:53] /i 5792
[29/09/2022 15:21:53] /i 5792
[29/09/2022 15:21:53] /i 5792
[29/09/2022 15:21:53] /i 5792
[29/09/2022 15:21:53] /i 5792
[29/09/2022 15:21:53] /i 5792
[29/09/2022 15:21:53] /i 5792
[29/09/2022 15:21:53] /i 5792
[29/09/2022 15:21:53] /i 5792
[29/09/2022 15:21:53] /i 5792
[29/09/2022 15:21:53] /i 5792
[29/09/2022 15:21:53] /i 5792
[29/09/2022 15:21:53] /i 5792
[29/09/2022 15:21:53] /i 5792
[29/09/2022 15:21:53] /i 5792
[29/09/2022 15:21:53] /i 5792
[29/09/2022 15:21:53] /i 5792
[29/09/2022 15:21:53] /i 5792
[29/09/2022 15:21:53] /i 5792
[29/09/2022 15:21:53] /i 5792
[29/09/2022 15:21:53] /i 5792
[29/09/2022 15:21:53] /i 5792
[29/09/2022 15:21:54] /i 5792
[29/09/2022 15:21:54] /i 5792
[29/09/2022 15:21:54] /i 5792
[29/09/2022 15:21:54] /i 5792
[29/09/2022 15:21:54] /i 5792
[29/09/2022 15:21:54] /i 5792
[29/09/2022 15:21:54] /i 5792
[29/09/2022 15:21:54] /i 5792
[29/09/2022 15:21:54] /i 5792
[29/09/2022 15:21:54] /i 5792
[29/09/2022 15:21:54] /i 5792
[29/09/2022 15:21:54] /i 5792
[29/09/2022 15:21:54] /i 5792
[29/09/2022 15:21:54] /i 5792
[29/09/2022 15:21:54] /i 5792
[29/09/2022 15:21:54] /i 5792
[29/09/2022 15:21:54] /i 5792
[29/09/2022 15:21:54] /i 5792
[29/09/2022 15:21:54] /i 5792
[29/09/2022 15:21:54] /i 5792
[29/09/2022 15:21:54] /i 5792
[29/09/2022 15:21:54] /i 5792
[29/09/2022 15:21:54] /i 5792
[29/09/2022 15:21:54] /i 5792
[29/09/2022 15:21:54] /i 5792
[29/09/2022 15:21:54] /i 5792
[29/09/2022 15:21:55] /i 5792
[29/09/2022 15:21:55] /i 5792
[29/09/2022 15:21:55] /i 5792
[29/09/2022 15:21:55] /i 5792
[29/09/2022 15:21:55] /i 5792
[29/09/2022 15:21:55] /i 5792
[29/09/2022 15:21:55] /i 5792
[29/09/2022 15:21:55] /i 5792
[29/09/2022 15:21:55] /i 5792
[29/09/2022 15:21:55] /i 5792
[29/09/2022 15:21:55] /i 5792
[29/09/2022 15:21:55] /i 5792
[29/09/2022 15:21:55] /i 5792
[29/09/2022 15:21:55] /i 5792
[29/09/2022 15:21:55] /i 5792
[29/09/2022 15:21:55] /i 5792
[29/09/2022 15:21:55] /i 5792
[29/09/2022 15:21:55] /i 5792
[29/09/2022 15:21:55] /i 5792
[29/09/2022 15:21:55] /i 5792
[29/09/2022 15:21:55] /i 5792
[29/09/2022 15:21:55] /i 5792
[29/09/2022 15:21:55] /i 5792
[29/09/2022 15:21:55] /i 5792
[29/09/2022 15:21:55] /i 5792
[29/09/2022 15:21:55] /i 5792
[29/09/2022 15:21:55] /i 5792
[29/09/2022 15:21:55] /i 5792
[29/09/2022 15:21:55] /i 5792
[29/09/2022 15:21:55] /i 5792
[29/09/2022 15:21:55] /i 5792
[29/09/2022 15:21:55] /i 5792
[29/09/2022 15:21:55] /i 5792
[29/09/2022 15:21:55] /i 5792
[29/09/2022 15:23:10] /clean
[29/09/2022 16:07:59] /reload items
[29/09/2022 16:13:09] /clean
[29/09/2022 16:13:19] /i 2138
[29/09/2022 16:13:20] /i 2138
[29/09/2022 16:13:21] /i 2138
[29/09/2022 16:14:00] /i 2433
[29/09/2022 16:14:03] /i 2433
[29/09/2022 16:14:03] /i 2433
[29/09/2022 16:14:31] /i 2433
[29/09/2022 16:15:19] /t
[29/09/2022 16:19:28] /reload items
[29/09/2022 16:20:59] /i 7424
[29/09/2022 16:21:13] /t
[29/09/2022 16:26:36] /i 7385
[29/09/2022 16:28:02] /t
[29/09/2022 16:29:45] /i warsinger bow
[29/09/2022 16:29:49] /i warsinger bow
[29/09/2022 16:29:50] /i warsinger bow
[29/09/2022 16:30:06] /i warsinger bow
[29/09/2022 16:30:07] /i warsinger bow
[29/09/2022 16:31:03] /i 8855
[29/09/2022 16:31:05] /i 8855
[29/09/2022 16:31:50] /t
[29/09/2022 16:32:11] /i royal crossbow
[29/09/2022 16:35:31] /i 8857
[29/09/2022 16:36:27] /reload actions
[29/09/2022 16:43:08] /t
[29/09/2022 16:43:18] /a 2
[29/09/2022 16:55:53] /goto 962,1123,7
[29/09/2022 17:01:48] /t
[29/09/2022 17:01:59] /a 10
[29/09/2022 17:03:38] /goto 1342,1018,8
[29/09/2022 17:03:52] /goto 1342,1018,8
[29/09/2022 17:03:57] /goto 1342,1018,8
[29/09/2022 17:04:00] /goto 1342,1018,8
[29/09/2022 17:04:03] /goto 1342,1018,8
[29/09/2022 17:05:01] /save
[29/09/2022 17:05:14] /goto 1342,1018,8
[29/09/2022 17:07:55] /goto 1081,1084,9
[29/09/2022 17:09:36] /t
[29/09/2022 17:10:38] /i 830
[29/09/2022 17:10:42] /i 8306
[29/09/2022 17:16:17] /i 8305
[29/09/2022 17:16:30] /i 220
[29/09/2022 17:16:34] /i 2206
[29/09/2022 17:17:04] /t
[29/09/2022 17:17:27] /i 1990
[29/09/2022 17:17:46] /i 8189
[29/09/2022 17:18:01] /r
[29/09/2022 17:18:05] /r
[29/09/2022 17:18:09] /i 819
[29/09/2022 17:18:12] /i 8189
[29/09/2022 17:18:52] /i 6549
[29/09/2022 17:25:36] /i 2145
[29/09/2022 17:25:49] /i 6548
[29/09/2022 17:34:22] /goto 1122,1134,5
[29/09/2022 17:34:32] /goto 123,134,5
[29/09/2022 17:35:40] /a 2
[29/09/2022 17:39:15] /goto 962,1173,8
[29/09/2022 17:39:22] /goto 962,1173,8
[29/09/2022 17:40:25] /t
[29/09/2022 17:40:36] /i 2159
[29/09/2022 17:40:40] /i 1540
[29/09/2022 17:40:45] /r
[29/09/2022 17:41:12] /i 2159
[29/09/2022 17:41:21] /i 5992
[29/09/2022 17:41:35] /i 5952
[29/09/2022 17:41:40] /i 5952
[29/09/2022 17:41:40] /i 5952
[29/09/2022 17:41:42] /i 5952
[29/09/2022 17:41:43] /i 5952
[29/09/2022 17:41:44] /i 5952
[29/09/2022 17:41:45] /i 5952
[29/09/2022 17:41:47] /i 5952
[29/09/2022 17:41:48] /i 5952
[29/09/2022 17:41:50] /i 5952
[29/09/2022 17:41:51] /i 5952
[29/09/2022 17:41:53] /i 5952
[29/09/2022 17:41:54] /i 5952
[29/09/2022 17:41:55] /i 5952
[29/09/2022 17:44:35] /goto 962,1173,8
[29/09/2022 17:44:46] /t
[29/09/2022 17:53:23] /i 2146
[29/09/2022 17:53:36] /t
[29/09/2022 17:57:11] /i 7760
[29/09/2022 17:58:03] /i 5942
[29/09/2022 17:58:29] /i 6558
[29/09/2022 18:03:53] /goto 1197,1110,8
[29/09/2022 18:05:00] /i 2362
[29/09/2022 18:05:31] /i 194
[29/09/2022 18:05:35] /r
[29/09/2022 18:05:55] /i 1969
[29/09/2022 18:06:12] /i 2148
[29/09/2022 18:06:52] /i 7904
[29/09/2022 18:07:07] /i 2070
[29/09/2022 18:07:21] /i 2070
[29/09/2022 18:08:03] /i 1369
[29/09/2022 18:08:09] /i 1369
[29/09/2022 18:08:22] /i 1386
[29/09/2022 18:08:36] /i 3678
[29/09/2022 18:08:46] /i 5543
[29/09/2022 18:08:50] /i 5543
[29/09/2022 18:08:56] /i 8580
[29/09/2022 18:09:08] /i 5792
[29/09/2022 18:09:19] /i 8599
[29/09/2022 18:09:27] /i 430
[29/09/2022 18:09:43] /i 2376
[29/09/2022 18:10:07] /i 2692
[29/09/2022 18:10:29] /i 6436
[29/09/2022 18:10:32] /r
[29/09/2022 18:10:48] /i 2036
[29/09/2022 18:11:05] /i 1728
[29/09/2022 18:11:11] /i 1877
[29/09/2022 18:11:16] /r
[29/09/2022 18:11:20] /i 1877
[29/09/2022 18:11:49] /i 2041
[29/09/2022 18:12:02] /i 6578
[29/09/2022 18:12:18] /i 2114
[29/09/2022 18:12:34] /i 6576
[29/09/2022 18:12:52] /i 2785
[29/09/2022 18:12:56] /r
[29/09/2022 18:13:02] /i 2785
[29/09/2022 18:13:17] /i 2576
[29/09/2022 18:13:28] /i 2579
[29/09/2022 18:13:51] /i 65531
[29/09/2022 18:15:20] /i 5791
[29/09/2022 18:15:30] /i 6566
[29/09/2022 18:18:28] /reload actions
[29/09/2022 18:19:15] /reload actions
[29/09/2022 18:21:55] /i 2158
[29/09/2022 18:22:18] /reload actions
[29/09/2022 18:25:31] /i 2555
[29/09/2022 18:25:37] /r
[29/09/2022 18:25:50] /goto 965,1180,3
[29/09/2022 18:26:21] /a 5
[29/09/2022 18:26:29] /reload actions
[29/09/2022 18:27:39] /goto 1098,1061,7
[29/09/2022 18:27:57] /goto 962,1173,8
[29/09/2022 18:28:14] /goto 962,1173,8
[29/09/2022 18:28:57] /i 2156
[29/09/2022 18:29:11] /i 2154
[29/09/2022 18:29:19] /i 2158
[29/09/2022 18:29:30] /i 2156
[29/09/2022 18:30:56] /i 6566
[29/09/2022 18:39:04] /goto 1343,1020,8
[29/09/2022 18:40:38] /t
[29/09/2022 18:41:34] /goto 1343,1020,8
[29/09/2022 19:15:24] /t
[29/09/2022 19:23:41] /i 7378
[29/09/2022 19:25:29] /i warsinger bow
[29/09/2022 19:25:37] /i warsinger bow
[29/09/2022 19:26:09] /i 2523
[29/09/2022 19:26:10] /i 2523
[29/09/2022 19:26:12] /i 2523
[29/09/2022 19:26:41] /i 8901
[29/09/2022 19:26:42] /i 8901
[29/09/2022 19:26:43] /i 8901
[29/09/2022 19:36:28] /i 2138
[29/09/2022 19:36:30] /i 2138
[29/09/2022 19:36:31] /i 2138
[29/09/2022 19:40:09] /i 2433
[29/09/2022 19:40:11] /i 2433
[29/09/2022 19:40:12] /i 2433
[29/09/2022 19:49:57] /i 8931
[29/09/2022 19:49:58] /i 8931
[29/09/2022 19:49:59] /i 8931
[29/09/2022 19:50:47] /i 8927
[29/09/2022 19:50:49] /i 8927
[29/09/2022 19:50:50] /i 8927
[29/09/2022 19:52:06] /i 8926
[29/09/2022 19:52:08] /i 8926
[29/09/2022 19:52:09] /i 8926
[29/09/2022 19:59:02] /i recovery ring
[29/09/2022 19:59:19] /i 2124
[29/09/2022 19:59:26] /i flash boots
[29/09/2022 20:12:08] /i 6548
[29/09/2022 20:12:23] /i 2145
[29/09/2022 20:12:51] /i 6549
[29/09/2022 20:13:07] /i 6547
[29/09/2022 20:14:48] /i 7759
[29/09/2022 20:14:59] /i 7760
[29/09/2022 20:15:10] /i 7761
[29/09/2022 20:15:22] /i 7762
[29/09/2022 20:26:50] /t
[29/09/2022 20:32:12] /i 2146
[29/09/2022 20:44:24] /t
[29/09/2022 20:44:44] /i 2154
[29/09/2022 20:44:52] /i  218
[29/09/2022 20:44:56] /i 2158
[29/09/2022 20:45:02] /i 2156
[29/09/2022 21:03:30] /reload actions
[29/09/2022 21:05:17] /reload actions
[29/09/2022 21:19:17] /i hellforged
[29/09/2022 21:19:43] /i hellforged/i 8924
[29/09/2022 21:19:47] /i 8924
[29/09/2022 21:21:52] /i 8924
[29/09/2022 21:22:19] /i 8924
[29/09/2022 21:22:24] /r
[29/09/2022 21:24:41] /i 4850
[29/09/2022 21:25:42] /i 2120
[29/09/2022 21:25:58] /i 2124
[29/09/2022 21:29:13] /i 10523
[29/09/2022 21:34:32] /i draug pet
[29/09/2022 21:34:48] /i draug pet egg
[29/09/2022 21:48:21] /t
[29/09/2022 21:48:51] /m trainer
[29/09/2022 21:50:11] /m trainer
[29/09/2022 21:50:53] /i 4850
[29/09/2022 21:51:04] /i 10523
[29/09/2022 21:51:05] /i 10523
[29/09/2022 21:52:38] /reload actions
[29/09/2022 21:52:43] /i 10523
[29/09/2022 21:52:44] /i 10523
[29/09/2022 21:52:45] /i 10523
[29/09/2022 21:52:48] /i 4850
[29/09/2022 21:52:55] /i 4850
[29/09/2022 21:52:56] /i 4850
[29/09/2022 21:53:06] /t
[29/09/2022 21:53:14] /r
[29/09/2022 21:53:32] /m treinador
[29/09/2022 21:53:37] /m monk
[29/09/2022 21:53:46] /m trainer
[29/09/2022 22:00:29] /m trainer
[29/09/2022 22:15:14] /m kngiht
[29/09/2022 22:15:18] /m knight
[29/09/2022 22:15:29] /m elite knight
[29/09/2022 22:15:39] /m Black Knight
[29/09/2022 22:17:32] /m espartano
[29/09/2022 22:17:42] /reload monster
[29/09/2022 22:17:47] /m espartano
[29/09/2022 22:18:40] /reload monster
[29/09/2022 22:18:46] /m espartano
[29/09/2022 22:19:51] /reload monster
[29/09/2022 22:19:55] /m espartana
[29/09/2022 22:20:28] /reload monster
[29/09/2022 22:20:31] /m espartana
[29/09/2022 22:20:40] /r
[29/09/2022 22:20:42] /r
[29/09/2022 22:20:45] /r
[29/09/2022 22:42:36] /m trainer
[29/09/2022 22:44:29] /reload spells
[29/09/2022 22:53:39] /reload spells
[29/09/2022 22:56:44] /reload spells
[29/09/2022 22:56:51] /r
[29/09/2022 22:56:54] /r
[29/09/2022 22:57:06] /reload spells
[29/09/2022 22:57:20] /r
[29/09/2022 23:05:36] /reload spells
[29/09/2022 23:18:54] /reload spells
[29/09/2022 23:21:54] /m trainer
[29/09/2022 23:22:57] /reload spells
[29/09/2022 23:25:36] /reload spells
[29/09/2022 23:29:22] /reload spels
[29/09/2022 23:29:25] /reload spells
[29/09/2022 23:30:36] /reload spells
[29/09/2022 23:34:50] /reload spells
[29/09/2022 23:35:33] /reload spells
[29/09/2022 23:36:52] /reload spells
[29/09/2022 23:39:59] /reload spells
[29/09/2022 23:40:05] /r
[30/09/2022 15:40:28] /m verminor
[30/09/2022 15:45:18] /reload monster
[30/09/2022 15:45:24] /m verminor
[30/09/2022 15:48:57] /reload monster
[30/09/2022 15:49:58] /m verminor
[30/09/2022 15:52:30] /reload monster
[30/09/2022 15:52:34] /m verminor
[30/09/2022 15:53:43] /reload monster
[30/09/2022 15:53:46] /m verminor
[30/09/2022 15:55:58] /reload monster
[30/09/2022 15:56:02] /m verminor
[30/09/2022 15:56:51] /i backpack
[30/09/2022 16:02:26] /i 10521
[30/09/2022 16:02:32] /i 2183
[30/09/2022 16:03:06] /i 7770
[30/09/2022 16:03:18] /i 7764
[30/09/2022 16:03:31] /i 7773
[30/09/2022 16:03:49] /i 8858
[30/09/2022 16:04:05] /i 7354
[30/09/2022 16:04:12] /r
[30/09/2022 16:04:19] /i 7364
[30/09/2022 16:04:39] /i 5912
[30/09/2022 16:04:51] /i 2090
[30/09/2022 16:10:10] /i 10223
[30/09/2022 16:12:19] /i 2145
[30/09/2022 16:50:52] /i 882
[30/09/2022 16:50:56] /i 8882
[30/09/2022 16:51:39] /i 8901
[30/09/2022 16:53:16] /i 8881
[30/09/2022 16:53:29] /i 8883
[30/09/2022 16:53:41] /i 8884
[30/09/2022 16:54:11] /i 8886
[30/09/2022 16:54:54] /i 8887
[30/09/2022 16:54:58] /i 8888
[30/09/2022 16:55:02] /i 8889
[30/09/2022 16:55:12] /i 8890
[30/09/2022 16:55:21] /i 8891
[30/09/2022 16:59:25] /i 11119
[30/09/2022 16:59:40] /i 2191
[30/09/2022 16:59:48] /i 8921
[30/09/2022 16:59:59] /i 7753
[30/09/2022 17:00:09] /i 7748
[30/09/2022 17:00:24] /i 7755
[30/09/2022 17:00:32] /i 7546
[30/09/2022 17:01:34] /i 2545
[30/09/2022 17:04:01] /i 7546
[30/09/2022 17:04:27] /i 2545
[30/09/2022 17:04:33] /i 2546
[30/09/2022 17:07:42] /t
[30/09/2022 17:07:56] /i 7438
[30/09/2022 17:13:03] /i 2544
[30/09/2022 17:14:02] /i backpack
[30/09/2022 17:15:31] /reload items
[30/09/2022 17:17:07] /i 2544
[30/09/2022 17:22:49] /i 8856
[30/09/2022 17:25:39] /i 7850
[30/09/2022 17:28:18] /i 8856
[30/09/2022 17:30:17] /i 8853
[30/09/2022 17:30:37] /i 8850
[30/09/2022 17:31:18] /save
[30/09/2022 17:33:01] /i backpack
[30/09/2022 17:47:31] /save
[30/09/2022 17:52:32] /i 7759
[30/09/2022 17:52:50] /t
[30/09/2022 17:55:25] /reload monster
[30/09/2022 17:55:44] /reload monster
[30/09/2022 17:56:04] /m Treinador
[30/09/2022 17:56:08] /m Treinador
[30/09/2022 17:56:14] /m elite trainer
[30/09/2022 17:59:51] /reload monster
[30/09/2022 18:00:36] /reload monster
[30/09/2022 18:00:45] /m bora bill
[30/09/2022 18:01:45] /reload monster
[30/09/2022 18:05:13] /reload monster
[30/09/2022 18:05:45] /reload monster
[30/09/2022 18:08:53] /reload monster
[30/09/2022 18:11:44] /reload monster
[30/09/2022 18:12:52] /reload monster
[30/09/2022 18:14:28] /i 8976
[30/09/2022 18:14:30] /t
[30/09/2022 18:15:47] /reload monster
[30/09/2022 18:16:46] /reload monster
[30/09/2022 18:18:18] /reload monster
[30/09/2022 20:23:22] /i backpack
[30/09/2022 20:23:31] /i 2185
[30/09/2022 20:23:46] /i 7404
[30/09/2022 20:23:53] /i 7415
[30/09/2022 20:23:59] /i 8910
[30/09/2022 20:24:06] /i 7433
[30/09/2022 20:27:49] /reload items
[30/09/2022 20:32:47] /i green backpack
[30/09/2022 20:45:46] /i 8918
[30/09/2022 20:45:55] /i 8904
[30/09/2022 20:52:12] /i red backpack
[30/09/2022 20:52:19] /i 7735
[30/09/2022 20:52:50] /i 8930
[30/09/2022 20:52:59] /i 8928
[30/09/2022 20:53:07] /i 8924
[30/09/2022 20:53:15] /i 8855
[30/09/2022 20:53:29] /i 7436
[30/09/2022 20:53:45] /i 7424
[30/09/2022 20:53:56] /i 2453
[30/09/2022 20:54:03] /i 8857
[30/09/2022 20:54:13] /i 6528
[30/09/2022 20:54:22] /i 7367
[30/09/2022 20:57:16] /t
[30/09/2022 21:03:11] /i 8305
[30/09/2022 21:03:27] /i 8305
[30/09/2022 21:03:33] /i 8305
[30/09/2022 21:03:33] /i 8305
[30/09/2022 21:03:34] /i 8305
[30/09/2022 21:03:35] /i 8305
[30/09/2022 21:03:35] /i 8305
[30/09/2022 21:03:36] /i 8305
[30/09/2022 21:03:37] /i 8305
[30/09/2022 21:03:38] /i 8305
[30/09/2022 21:03:38] /i 8305
[30/09/2022 21:03:39] /i 8305
[30/09/2022 21:04:32] /i 8305
[30/09/2022 21:04:33] /i 8305
[30/09/2022 21:04:34] /i 8305
[30/09/2022 21:04:41] /i 8305
[30/09/2022 21:04:56] /reload items
[30/09/2022 21:05:03] /save
[30/09/2022 21:24:30] /t
[30/09/2022 21:25:50] /i 8305
[30/09/2022 21:25:51] /i 8305
[30/09/2022 21:25:52] /i 8305
[30/09/2022 21:25:52] /i 8305
[30/09/2022 21:25:52] /i 8305
[30/09/2022 21:25:52] /i 8305
[30/09/2022 21:25:57] /i 8305
[30/09/2022 21:25:57] /i 8305
[30/09/2022 21:25:57] /i 8305
[30/09/2022 21:25:57] /i 8305
[30/09/2022 21:25:57] /i 8305
[30/09/2022 21:26:01] /i 8305
[30/09/2022 21:26:02] /i 8305
[30/09/2022 21:26:02] /i 8305
[30/09/2022 21:27:47] /i 8305
[30/09/2022 21:27:48] /i 8305
[30/09/2022 21:27:48] /i 8305
[30/09/2022 21:27:48] /i 8305
[30/09/2022 21:27:48] /i 8305
[30/09/2022 21:27:49] /i 8305
[30/09/2022 21:27:49] /i 8305
[30/09/2022 21:27:49] /i 8305
[30/09/2022 21:27:49] /i 8305
[30/09/2022 21:27:49] /i 8305
[30/09/2022 21:27:49] /i 8305
[30/09/2022 21:27:50] /i 8305
[30/09/2022 21:27:54] /i 8305
[30/09/2022 21:27:55] /i 8305
[30/09/2022 21:27:55] /i 8305
[30/09/2022 21:28:27] /i 8305
[30/09/2022 21:28:27] /i 8305
[30/09/2022 21:28:28] /i 8305
[30/09/2022 21:28:28] /i 8305
[30/09/2022 21:28:28] /i 8305
[30/09/2022 21:28:28] /i 8305
[30/09/2022 21:28:28] /i 8305
[30/09/2022 21:28:29] /i 8305
[30/09/2022 21:28:29] /i 8305
[30/09/2022 21:28:29] /i 8305
[30/09/2022 21:28:29] /i 8305
[30/09/2022 21:28:29] /i 8305
[30/09/2022 21:28:30] /i 8305
[30/09/2022 21:28:35] /i 8305
[30/09/2022 21:28:35] /i 8305
[30/09/2022 21:52:22] /i 2389
[30/09/2022 21:52:48] /i 8305
[30/09/2022 21:52:48] /i 8305
[30/09/2022 21:52:48] /i 8305
[30/09/2022 21:52:49] /i 8305
[30/09/2022 21:52:49] /i 8305
[30/09/2022 21:52:49] /i 8305
[30/09/2022 21:52:49] /i 8305
[30/09/2022 21:52:49] /i 8305
[30/09/2022 21:52:50] /i 8305
[30/09/2022 21:52:50] /i 8305
[30/09/2022 21:52:50] /i 8305
[30/09/2022 21:52:50] /i 8305
[30/09/2022 21:52:51] /i 8305
[30/09/2022 21:52:55] /i 8305
[30/09/2022 21:52:56] /i 8305
[30/09/2022 21:57:12] /i 8305
[30/09/2022 21:57:12] /i 8305
[30/09/2022 21:57:12] /i 8305
[30/09/2022 21:57:12] /i 8305
[30/09/2022 21:57:12] /i 8305
[30/09/2022 21:57:12] /i 8305
[30/09/2022 21:57:13] /i 8305
[30/09/2022 21:57:13] /i 8305
[30/09/2022 21:57:13] /i 8305
[30/09/2022 21:57:13] /i 8305
[30/09/2022 21:57:13] /i 8305
[30/09/2022 21:57:14] /i 8305
[30/09/2022 21:57:14] /i 8305
[30/09/2022 21:57:14] /i 8305
[30/09/2022 21:57:14] /i 8305
[30/09/2022 21:57:15] /i 8305
[30/09/2022 21:57:15] /i 8305
[30/09/2022 21:57:15] /i 8305
[30/09/2022 21:57:15] /i 8305
[30/09/2022 21:57:15] /i 8305
[30/09/2022 21:57:15] /i 8305
[30/09/2022 22:14:52] /t
[30/09/2022 22:16:50] /t
[30/09/2022 22:22:24] /i arrow
[30/09/2022 22:22:43] /i bazir's arow
[30/09/2022 22:22:50] /i bazir's arrow
[30/09/2022 22:24:07] /i 8305
[30/09/2022 22:24:07] /i 8305
[30/09/2022 22:24:08] /i 8305
[30/09/2022 22:24:08] /i 8305
[30/09/2022 22:24:08] /i 8305
[30/09/2022 22:24:14] /i 8305
[30/09/2022 22:24:14] /i 8305
[30/09/2022 22:24:14] /i 8305
[30/09/2022 22:24:15] /i 8305
[30/09/2022 22:24:15] /i 8305
[30/09/2022 22:28:52] /clean
[30/09/2022 22:34:00] /i bow
[30/09/2022 22:37:11] /t
[30/09/2022 22:47:05] /i 8305
[30/09/2022 22:47:05] /i 8305
[30/09/2022 22:47:05] /i 8305
[30/09/2022 22:47:05] /i 8305
[30/09/2022 22:47:05] /i 8305
[30/09/2022 22:47:06] /i 8305
[30/09/2022 22:47:09] /i 8305
[30/09/2022 22:47:10] /i 8305
[30/09/2022 22:47:10] /i 8305
[30/09/2022 22:47:10] /i 8305
[30/09/2022 22:47:10] /i 8305
[30/09/2022 22:47:10] /i 8305
[30/09/2022 22:47:13] /i 8305
[30/09/2022 22:47:14] /i 8305
[30/09/2022 22:52:03] /i 2433
[30/09/2022 22:52:13] /t
[30/09/2022 22:53:04] /i 8925
[30/09/2022 22:53:12] /i 8929
[30/09/2022 22:53:20] /i 8932
[30/09/2022 22:53:29] /i 7438
[30/09/2022 22:53:36] /i 2352
[30/09/2022 22:53:46] /i 2184
[30/09/2022 22:54:09] /i yellow backpack
[30/09/2022 22:54:22] /i 2452
[30/09/2022 22:54:27] /i 2400
[30/09/2022 22:54:34] /i 2431
[30/09/2022 22:54:41] /i 7958
[30/09/2022 22:57:47] /i 7366
[30/09/2022 23:01:42] /i 8305
[30/09/2022 23:01:42] /i 8305
[30/09/2022 23:01:43] /i 8305
[30/09/2022 23:01:43] /i 8305
[30/09/2022 23:01:43] /i 8305
[30/09/2022 23:01:43] /i 8305
[30/09/2022 23:01:43] /i 8305
[30/09/2022 23:01:44] /i 8305
[30/09/2022 23:01:44] /i 8305
[30/09/2022 23:01:44] /i 8305
[30/09/2022 23:01:49] /i 8305
[30/09/2022 23:01:49] /i 8305
[30/09/2022 23:01:49] /i 8305
[30/09/2022 23:01:50] /i 8305
[30/09/2022 23:01:53] /i 8305
[30/09/2022 23:07:22] /i 8305
[30/09/2022 23:07:23] /i 8305
[30/09/2022 23:07:23] /i 8305
[30/09/2022 23:07:23] /i 8305
[30/09/2022 23:07:23] /i 8305
[30/09/2022 23:07:23] /i 8305
[30/09/2022 23:07:24] /i 8305
[30/09/2022 23:07:24] /i 8305
[30/09/2022 23:07:28] /i 8305
[30/09/2022 23:07:29] /i 8305
[30/09/2022 23:07:29] /i 8305
[30/09/2022 23:07:32] /i 8305
[30/09/2022 23:07:32] /i 8305
[30/09/2022 23:07:34] /i 8305
[30/09/2022 23:07:35] /i 8305
[30/09/2022 23:17:37] /i 8305
[30/09/2022 23:17:39] /i 8305
[30/09/2022 23:17:39] /i 8305
[30/09/2022 23:17:40] /i 8305
[30/09/2022 23:17:40] /i 8305
[30/09/2022 23:17:40] /i 8305
[30/09/2022 23:17:40] /i 8305
[30/09/2022 23:17:40] /i 8305
[30/09/2022 23:17:41] /i 8305
[30/09/2022 23:17:41] /i 8305
[30/09/2022 23:17:41] /i 8305
[30/09/2022 23:17:46] /i 8305
[30/09/2022 23:17:46] /i 8305
[30/09/2022 23:17:46] /i 8305
[30/09/2022 23:17:49] /i 8305
[30/09/2022 23:18:03] /i 8305
[30/09/2022 23:18:18] /i 8305
[30/09/2022 23:18:18] /i 8305
[30/09/2022 23:18:18] /i 8305
[30/09/2022 23:18:19] /i 8305
[30/09/2022 23:18:19] /i 8305
[30/09/2022 23:18:22] /i 8305
[30/09/2022 23:18:22] /i 8305
[30/09/2022 23:18:23] /i 8305
[30/09/2022 23:18:23] /i 8305
[30/09/2022 23:18:25] /i 8305
[30/09/2022 23:18:26] /i 8305
[30/09/2022 23:18:26] /i 8305
[30/09/2022 23:18:29] /i 8305
[30/09/2022 23:18:30] /i 8305
[30/09/2022 23:18:41] /i 2431
[30/09/2022 23:18:51] /i 8305
[30/09/2022 23:18:51] /i 8305
[30/09/2022 23:18:51] /i 8305
[30/09/2022 23:18:52] /i 8305
[30/09/2022 23:18:55] /i 8305
[30/09/2022 23:18:55] /i 8305
[30/09/2022 23:18:55] /i 8305
[30/09/2022 23:18:56] /i 8305
[30/09/2022 23:18:58] /i 8305
[30/09/2022 23:18:58] /i 8305
[30/09/2022 23:18:58] /i 8305
[30/09/2022 23:19:01] /i 8305
[30/09/2022 23:19:02] /i 8305
[30/09/2022 23:19:02] /i 8305
[30/09/2022 23:19:04] /i 8305
[02/10/2022 19:52:37] /t
[02/10/2022 19:53:52] /a 2
[02/10/2022 19:54:43] /a 2
[02/10/2022 20:07:29] /a 2
[02/10/2022 20:07:38] /a 2
[02/10/2022 21:13:23] /t
[02/10/2022 21:52:10] /i 2090
[02/10/2022 22:14:39] /i 8305
[02/10/2022 22:15:58] /i 2169
[02/10/2022 22:16:17] /i 8931
[02/10/2022 22:17:27] /i 2214
[02/10/2022 22:18:36] /i 8929
[02/10/2022 22:18:43] /t
[02/10/2022 22:18:59] /i 8925
[02/10/2022 22:21:50] /i 2553
[02/10/2022 22:22:29] /i 2695
[02/10/2022 22:22:31] /t
[02/10/2022 22:22:39] /m trainer
[02/10/2022 22:25:44] /goto 965,1180,3
[02/10/2022 22:26:04] /t
[02/10/2022 22:26:10] /i 9090
[02/10/2022 22:26:19] /i 9091
[02/10/2022 22:26:49] /a 2
[02/10/2022 22:28:21] /a 2
[02/10/2022 22:43:00] /t
[02/10/2022 22:43:15] /t
[02/10/2022 22:44:42] /i 5908
[02/10/2022 22:45:09] /i 6558
[02/10/2022 22:45:31] /i 9973
[02/10/2022 22:45:51] /i 461
[02/10/2022 22:45:57] /t
[02/10/2022 22:46:04] /i 1873
[02/10/2022 22:46:08] /i 1873
[02/10/2022 22:46:20] /i 2162
[02/10/2022 22:46:28] /i 3743
[02/10/2022 22:46:36] /i 3947
[02/10/2022 22:46:42] /i 1479
[02/10/2022 22:46:48] /i 1945
[02/10/2022 22:47:06] /i 1969
[02/10/2022 22:47:49] /i 7904
[02/10/2022 22:47:53] /i 7904
[02/10/2022 22:48:00] /i 7904
[02/10/2022 22:49:37] /i 430
[02/10/2022 22:49:41] /t
[02/10/2022 22:49:51] /i 5792
[02/10/2022 22:50:06] /i 2692
[02/10/2022 22:50:49] /i 2693
[02/10/2022 22:51:09] /i 2692
[02/10/2022 22:51:14] /i 1381
[02/10/2022 22:52:40] /i 6576
[02/10/2022 22:52:47] /i 6576
[02/10/2022 22:52:55] /i 2785
[02/10/2022 22:53:12] /i 2579
[02/10/2022 22:53:28] /i 1981
[03/10/2022 12:50:07] /i 8303
[03/10/2022 12:55:12] /reload actions
[03/10/2022 12:56:41] /i 6541
[03/10/2022 12:57:20] /reload actions
[03/10/2022 13:21:53] /reload actions
[03/10/2022 13:22:55] /reload actions
[03/10/2022 13:30:15] /reload actions
[03/10/2022 13:30:25] /i 9971
[03/10/2022 13:31:26] /i 6542
[03/10/2022 13:31:36] /i 6544
[03/10/2022 13:31:43] /i 6545
[03/10/2022 13:33:29] /reload actions
[03/10/2022 13:33:42] /i 6543
[03/10/2022 13:39:35] /reload actions
[03/10/2022 13:40:13] /reload actions
[03/10/2022 13:40:22] /i 8302
[03/10/2022 13:40:38] /clean
[03/10/2022 13:41:47] /reload actions
[03/10/2022 13:42:11] /reload actions
[03/10/2022 13:42:19] /i 8303
[03/10/2022 13:43:55] /reload actions
[03/10/2022 13:44:01] /i 8301
[03/10/2022 13:47:20] /reload actions
[03/10/2022 13:49:37] /clean
[03/10/2022 13:50:13] /i 2090
[03/10/2022 13:50:15] /i 2090
[03/10/2022 13:56:44] /i 2090
[03/10/2022 13:56:46] /i 2090
[03/10/2022 14:01:27] /reload npcs
[03/10/2022 14:01:31] /i 2090
[03/10/2022 14:01:32] /i 2090
[03/10/2022 14:03:42] /reload npx
[03/10/2022 14:03:44] /reload npc
[03/10/2022 14:04:02] /i 2090
[03/10/2022 14:04:03] /i 2090
[03/10/2022 17:23:28] /t
[03/10/2022 18:00:18] /a 2
[03/10/2022 19:17:04] /r
[03/10/2022 19:17:05] /t
[03/10/2022 19:17:26] /i 10523
[03/10/2022 19:17:34] /i 4850
[03/10/2022 19:17:47] /i 8976
[03/10/2022 19:17:48] /t
[03/10/2022 19:19:55] /m apocalyose
[03/10/2022 19:20:07] /m apocalypse
[03/10/2022 19:21:50] /m trainer
[03/10/2022 21:03:58] /t
[03/10/2022 21:15:57] /t
[03/10/2022 21:31:18] /t
[03/10/2022 21:41:10] /t
[03/10/2022 22:15:39] /t
[03/10/2022 22:21:21] /t
[03/10/2022 22:22:43] /t
[03/10/2022 22:43:52] /m blistering fire elemental
[03/10/2022 22:44:53] /reload monster
[03/10/2022 22:45:15] /t
[03/10/2022 22:45:42] /a
[03/10/2022 22:45:49] /a
[03/10/2022 22:45:53] /r
[03/10/2022 22:45:58] /a
[03/10/2022 22:46:05] /a
[03/10/2022 22:46:11] /a
[03/10/2022 22:48:11] /t
[03/10/2022 22:48:21] /m warlock
[03/10/2022 22:48:38] /m avalanche
[03/10/2022 22:49:37] /reload monster
[03/10/2022 22:49:41] /m avalanche
[03/10/2022 22:54:06] /goto 1033,1209,7
[03/10/2022 22:54:41] /goto 1033,1165,7
[03/10/2022 22:54:49] /goto 1033,1165,7
[03/10/2022 22:54:52] /goto 1033,1209,7
[03/10/2022 22:55:27] /reload ations
[03/10/2022 22:55:35] /reload actions
[03/10/2022 22:56:23] /reload globalevents
[03/10/2022 23:05:35] /i 2472
[03/10/2022 23:08:41] /i dice
[03/10/2022 23:09:12] /i 5792
[03/10/2022 23:10:21] /t
[03/10/2022 23:10:29] /m ferumbras
[03/10/2022 23:11:07] /m ferumbras
[03/10/2022 23:16:40] /reload globalevents
[03/10/2022 23:17:04] /reload globalevents
[03/10/2022 23:18:33] /m ferumbras
[03/10/2022 23:33:10] /goto 1080,1070,7
[03/10/2022 23:37:02] /reload actions
[03/10/2022 23:38:05] /goto 1097, 1069, 7
[03/10/2022 23:38:18] /goto x= 1118, y= 1064, z= 7
[03/10/2022 23:38:32] /goto 1118,1064,7
[03/10/2022 23:38:49] /goto 1106,1054,7
[03/10/2022 23:39:07] /goto 1098,1043, 7
[03/10/2022 23:39:28] /goto 1075,1057,7
[03/10/2022 23:39:43] /goto 1073,1034,7
[03/10/2022 23:40:01] /goto 1065,1047,7
[03/10/2022 23:40:17] /goto 1047,1049,7
[03/10/2022 23:40:35] /goto 1056, 1060, 7
[03/10/2022 23:41:02] /goto 1053,1070, 7
[03/10/2022 23:41:17] /goto 1029,1070, 7
[03/10/2022 23:41:32] /goto 1054,1083, 7
[03/10/2022 23:42:05] /goto 1039,1083,7
[03/10/2022 23:42:19] /goto 1056, 1094, 7
[03/10/2022 23:42:35] /goto 1052, 1112,  7
[03/10/2022 23:42:49] /goto 1072, 1118,7
[03/10/2022 23:43:09] /goto 1071,1104, 7
[03/10/2022 23:43:24] /goto 1084,1099,7
[03/10/2022 23:43:38] /goto 1078, 1084, 7
[03/10/2022 23:44:10] /goto 1080, 1070, 7
[03/10/2022 23:45:09] /goto  1103, 1109, 7
[03/10/2022 23:45:25] /goto   1115, 1092, 7
[03/10/2022 23:45:41] /goto  1109, 1094, 7
[03/10/2022 23:45:59] /goto 1092,  1086, 7
[03/10/2022 23:46:13] /goto 1126, 1075,7
[03/10/2022 23:46:26] /goto  1103, 1045, 7
[03/10/2022 23:46:43] /goto  1091, 1046, 7
[03/10/2022 23:50:56] /reload actions
[03/10/2022 23:50:58] /t
[03/10/2022 23:55:41] /t
[03/10/2022 23:59:37] /reload actions
[04/10/2022 00:00:14] /reload actions
[04/10/2022 00:00:47] /reload globalevents
[05/10/2022 14:45:58] /t
[05/10/2022 15:54:20] /t
[05/10/2022 16:02:05] /t
[05/10/2022 16:31:46] /reload spells
[05/10/2022 16:35:28] /reload spells
[05/10/2022 16:49:32] /reload spells
[05/10/2022 16:50:39] /reload spells
[05/10/2022 17:59:49] /i infernatil arrow
[05/10/2022 18:03:14] /i 8881
[05/10/2022 18:03:30] /i 8882
[05/10/2022 18:03:41] /i 8883
[05/10/2022 18:03:51] /i 8884
[05/10/2022 18:04:06] /i 8887
[05/10/2022 18:04:19] /i 8888
[05/10/2022 18:04:28] /i 8890
[05/10/2022 18:05:33] /t
[05/10/2022 18:05:40] /a
[05/10/2022 18:09:30] /a 5
[05/10/2022 18:11:40] /t
[05/10/2022 18:34:46] /reload config
[05/10/2022 18:37:04] /t
[05/10/2022 18:38:00] /reload wepaons
[05/10/2022 18:38:07] /reload wepons
[05/10/2022 18:38:13] /reload weapons
[05/10/2022 18:41:42] /reload spells
[07/10/2022 15:38:42] /t
[07/10/2022 23:54:24] /t
[08/10/2022 14:10:30] /t
[08/10/2022 15:01:37] /t
